=============== LOG START - 2025.05.30 00:44:36:4948 ===============
2025/05/30, 00:44:36:4928 - [MES]Remove Cassette!>>>>> Port:[1]
2025/05/30, 00:44:36:4928 - [RemoveCassette] Remove Port:[1], Lot:[506-MM032H0Y-014], CstNo:[L03872]
2025/05/30, 00:44:36:4928 - [RemoveCassette] All Cassette Queue Qty :[1]
2025/05/30, 00:44:36:4928 - [RemoveCassette] WaitProcess Cassette Queue Qty :[1]
2025/05/30, 00:44:36:4928 - [RemoveCassette] Current Cassatte Status :[NULL]
2025/05/30, 00:44:36:4928 - [RemoveCassette] Current Wafer Index :[-1]
2025/05/30, 00:44:36:4928 - [RemoveCassette] ProcessComplete Cassette Queue Qty :[0]
2025/05/30, 01:19:53:4272 - [MES]Remove Cassette!>>>>> Port:[2]
2025/05/30, 01:19:53:4272 - [RemoveCassette] Remove Port:[2], Lot:[506-MM032H0Y-014], CstNo:[L05702]
2025/05/30, 01:19:53:4272 - [RemoveCassette] All Cassette Queue Qty :[0]
2025/05/30, 01:19:53:4272 - [RemoveCassette] WaitProcess Cassette Queue Qty :[0]
2025/05/30, 01:19:53:4272 - [RemoveCassette] Current Cassatte Status :[NULL]
2025/05/30, 01:19:53:4272 - [RemoveCassette] Current Wafer Index :[-1]
2025/05/30, 01:19:53:4272 - [RemoveCassette] ProcessComplete Cassette Queue Qty :[0]
2025/05/30, 01:21:36:5309 - [MES]Remove Cassette!>>>>> Port:[3]
2025/05/30, 01:21:36:5309 - [RemoveCassette] All Cassette Queue Qty :[0]
2025/05/30, 01:21:36:5309 - [RemoveCassette] WaitProcess Cassette Queue Qty :[0]
2025/05/30, 01:21:36:5309 - [RemoveCassette] Current Cassatte Status :[NULL]
2025/05/30, 01:21:36:5309 - [RemoveCassette] Current Wafer Index :[-1]
2025/05/30, 01:21:36:5309 - [RemoveCassette] ProcessComplete Cassette Queue Qty :[0]
2025/05/30, 01:21:37:7369 - [MES]>>>>> LoadCassette! CassetteNo:L01642, Lot:506-MM032H0Y-020, Port:3, Qty:25
2025/05/30, 01:21:37:7369 - [AddNewCassatte] All Cassette Queue Qty :[1]
2025/05/30, 01:21:37:7369 - [AddNewCassatte] WaitProcess Cassette Queue Qty :[0]
2025/05/30, 01:21:37:7369 - [AddNewCassatte] Current Cassatte Status :[L01642, Qty=[25], Port=[3]]
2025/05/30, 01:21:37:7369 - [AddNewCassatte] Current Wafer Index :[-1]
2025/05/30, 01:21:37:7369 - [AddNewCassatte] ProcessComplete Cassette Queue Qty :[0]
2025/05/30, 01:21:43:4642 - [MES]Remove Cassette!>>>>> Port:[4]
2025/05/30, 01:21:43:4642 - [RemoveCassette] All Cassette Queue Qty :[1]
2025/05/30, 01:21:43:4642 - [RemoveCassette] WaitProcess Cassette Queue Qty :[0]
2025/05/30, 01:21:43:4642 - [RemoveCassette] Current Cassatte Status :[L01642, Qty=[25], Port=[3]]
2025/05/30, 01:21:43:4642 - [RemoveCassette] Current Wafer Index :[-1]
2025/05/30, 01:21:43:4642 - [RemoveCassette] ProcessComplete Cassette Queue Qty :[0]
2025/05/30, 01:21:44:3688 - [MES]>>>>> LoadCassette! CassetteNo:L08322, Lot:506-MM032H0Y-020, Port:4, Qty:20
2025/05/30, 01:21:44:3688 - [AddNewCassatte] All Cassette Queue Qty :[2]
2025/05/30, 01:21:44:3688 - [AddNewCassatte] WaitProcess Cassette Queue Qty :[1]
2025/05/30, 01:21:44:3688 - [AddNewCassatte] Current Cassatte Status :[L01642, Qty=[25], Port=[3]]
2025/05/30, 01:21:44:3688 - [AddNewCassatte] Current Wafer Index :[-1]
2025/05/30, 01:21:44:3688 - [AddNewCassatte] ProcessComplete Cassette Queue Qty :[0]
2025/05/30, 02:46:50:3205 - [MES]Remove Cassette!>>>>> Port:[3]
2025/05/30, 02:46:50:3205 - [RemoveCassette] Remove Port:[3], Lot:[506-MM032H0Y-020], CstNo:[L01642]
2025/05/30, 02:46:50:3205 - [RemoveCassette] All Cassette Queue Qty :[1]
2025/05/30, 02:46:50:3205 - [RemoveCassette] WaitProcess Cassette Queue Qty :[1]
2025/05/30, 02:46:50:3205 - [RemoveCassette] Current Cassatte Status :[NULL]
2025/05/30, 02:46:50:3205 - [RemoveCassette] Current Wafer Index :[-1]
2025/05/30, 02:46:50:3205 - [RemoveCassette] ProcessComplete Cassette Queue Qty :[0]
2025/05/30, 03:18:55:1766 - [MES]Remove Cassette!>>>>> Port:[4]
2025/05/30, 03:18:55:1766 - [RemoveCassette] Remove Port:[4], Lot:[506-MM032H0Y-020], CstNo:[L08322]
2025/05/30, 03:18:55:1766 - [RemoveCassette] All Cassette Queue Qty :[0]
2025/05/30, 03:18:55:1766 - [RemoveCassette] WaitProcess Cassette Queue Qty :[0]
2025/05/30, 03:18:55:1766 - [RemoveCassette] Current Cassatte Status :[NULL]
2025/05/30, 03:18:55:1766 - [RemoveCassette] Current Wafer Index :[-1]
2025/05/30, 03:18:55:1766 - [RemoveCassette] ProcessComplete Cassette Queue Qty :[0]
2025/05/30, 03:25:44:5683 - [MES]Remove Cassette!>>>>> Port:[1]
2025/05/30, 03:25:44:5683 - [RemoveCassette] All Cassette Queue Qty :[0]
2025/05/30, 03:25:44:5683 - [RemoveCassette] WaitProcess Cassette Queue Qty :[0]
2025/05/30, 03:25:44:5683 - [RemoveCassette] Current Cassatte Status :[NULL]
2025/05/30, 03:25:44:5683 - [RemoveCassette] Current Wafer Index :[-1]
2025/05/30, 03:25:44:5683 - [RemoveCassette] ProcessComplete Cassette Queue Qty :[0]
2025/05/30, 03:25:45:7744 - [MES]>>>>> LoadCassette! CassetteNo:L03752, Lot:506-MM032H0Y-030, Port:1, Qty:25
2025/05/30, 03:25:45:7744 - [AddNewCassatte] All Cassette Queue Qty :[1]
2025/05/30, 03:25:45:7744 - [AddNewCassatte] WaitProcess Cassette Queue Qty :[0]
2025/05/30, 03:25:45:7744 - [AddNewCassatte] Current Cassatte Status :[L03752, Qty=[25], Port=[1]]
2025/05/30, 03:25:45:7744 - [AddNewCassatte] Current Wafer Index :[-1]
2025/05/30, 03:25:45:7744 - [AddNewCassatte] ProcessComplete Cassette Queue Qty :[0]
2025/05/30, 03:25:48:4879 - [MES]Remove Cassette!>>>>> Port:[2]
2025/05/30, 03:25:48:4879 - [RemoveCassette] All Cassette Queue Qty :[1]
2025/05/30, 03:25:48:4879 - [RemoveCassette] WaitProcess Cassette Queue Qty :[0]
2025/05/30, 03:25:48:4879 - [RemoveCassette] Current Cassatte Status :[L03752, Qty=[25], Port=[1]]
2025/05/30, 03:25:48:4879 - [RemoveCassette] Current Wafer Index :[-1]
2025/05/30, 03:25:48:4879 - [RemoveCassette] ProcessComplete Cassette Queue Qty :[0]
2025/05/30, 03:25:49:6939 - [MES]>>>>> LoadCassette! CassetteNo:L04332, Lot:506-MM032H0Y-030, Port:2, Qty:20
2025/05/30, 03:25:49:6939 - [AddNewCassatte] All Cassette Queue Qty :[2]
2025/05/30, 03:25:49:6939 - [AddNewCassatte] WaitProcess Cassette Queue Qty :[1]
2025/05/30, 03:25:49:6939 - [AddNewCassatte] Current Cassatte Status :[L03752, Qty=[25], Port=[1]]
2025/05/30, 03:25:49:6939 - [AddNewCassatte] Current Wafer Index :[-1]
2025/05/30, 03:25:49:6939 - [AddNewCassatte] ProcessComplete Cassette Queue Qty :[0]
2025/05/30, 04:38:07:8405 - [MES]Remove Cassette!>>>>> Port:[1]
2025/05/30, 04:38:07:8405 - [RemoveCassette] Remove Port:[1], Lot:[506-MM032H0Y-030], CstNo:[L03752]
2025/05/30, 04:38:07:8405 - [RemoveCassette] All Cassette Queue Qty :[1]
2025/05/30, 04:38:07:8405 - [RemoveCassette] WaitProcess Cassette Queue Qty :[1]
2025/05/30, 04:38:07:8405 - [RemoveCassette] Current Cassatte Status :[NULL]
2025/05/30, 04:38:07:8405 - [RemoveCassette] Current Wafer Index :[-1]
2025/05/30, 04:38:07:8405 - [RemoveCassette] ProcessComplete Cassette Queue Qty :[0]
2025/05/30, 05:03:25:0911 - [MES]Remove Cassette!>>>>> Port:[2]
2025/05/30, 05:03:25:0911 - [RemoveCassette] Remove Port:[2], Lot:[506-MM032H0Y-030], CstNo:[L04332]
2025/05/30, 05:03:25:0911 - [RemoveCassette] All Cassette Queue Qty :[0]
2025/05/30, 05:03:25:0911 - [RemoveCassette] WaitProcess Cassette Queue Qty :[0]
2025/05/30, 05:03:25:0911 - [RemoveCassette] Current Cassatte Status :[NULL]
2025/05/30, 05:03:25:0911 - [RemoveCassette] Current Wafer Index :[-1]
2025/05/30, 05:03:25:0911 - [RemoveCassette] ProcessComplete Cassette Queue Qty :[0]
2025/05/30, 05:04:49:5024 - [MES]Remove Cassette!>>>>> Port:[1]
2025/05/30, 05:04:49:5024 - [RemoveCassette] All Cassette Queue Qty :[0]
2025/05/30, 05:04:49:5024 - [RemoveCassette] WaitProcess Cassette Queue Qty :[0]
2025/05/30, 05:04:49:5024 - [RemoveCassette] Current Cassatte Status :[NULL]
2025/05/30, 05:04:49:5024 - [RemoveCassette] Current Wafer Index :[-1]
2025/05/30, 05:04:49:5024 - [RemoveCassette] ProcessComplete Cassette Queue Qty :[0]
2025/05/30, 05:04:50:4069 - [MES]>>>>> LoadCassette! CassetteNo:L00412, Lot:506-MM032H0Y-031, Port:1, Qty:25
2025/05/30, 05:04:50:4069 - [AddNewCassatte] All Cassette Queue Qty :[1]
2025/05/30, 05:04:50:4069 - [AddNewCassatte] WaitProcess Cassette Queue Qty :[0]
2025/05/30, 05:04:50:4069 - [AddNewCassatte] Current Cassatte Status :[L00412, Qty=[25], Port=[1]]
2025/05/30, 05:04:50:4069 - [AddNewCassatte] Current Wafer Index :[-1]
2025/05/30, 05:04:50:4069 - [AddNewCassatte] ProcessComplete Cassette Queue Qty :[0]
2025/05/30, 05:04:58:5469 - [MES]Remove Cassette!>>>>> Port:[2]
2025/05/30, 05:04:58:5469 - [RemoveCassette] All Cassette Queue Qty :[1]
2025/05/30, 05:04:58:5469 - [RemoveCassette] WaitProcess Cassette Queue Qty :[0]
2025/05/30, 05:04:58:5469 - [RemoveCassette] Current Cassatte Status :[L00412, Qty=[25], Port=[1]]
2025/05/30, 05:04:58:5469 - [RemoveCassette] Current Wafer Index :[-1]
2025/05/30, 05:04:58:5469 - [RemoveCassette] ProcessComplete Cassette Queue Qty :[0]
2025/05/30, 05:04:59:7529 - [MES]>>>>> LoadCassette! CassetteNo:L08562, Lot:506-MM032H0Y-031, Port:2, Qty:20
2025/05/30, 05:04:59:7529 - [AddNewCassatte] All Cassette Queue Qty :[2]
2025/05/30, 05:04:59:7529 - [AddNewCassatte] WaitProcess Cassette Queue Qty :[1]
2025/05/30, 05:04:59:7529 - [AddNewCassatte] Current Cassatte Status :[L00412, Qty=[25], Port=[1]]
2025/05/30, 05:04:59:7529 - [AddNewCassatte] Current Wafer Index :[-1]
2025/05/30, 05:04:59:7529 - [AddNewCassatte] ProcessComplete Cassette Queue Qty :[0]
2025/05/30, 06:03:38:7908 - [MES]Remove Cassette!>>>>> Port:[1]
2025/05/30, 06:03:38:7908 - [RemoveCassette] Remove Port:[1], Lot:[506-MM032H0Y-031], CstNo:[L00412]
2025/05/30, 06:03:38:7908 - [RemoveCassette] All Cassette Queue Qty :[1]
2025/05/30, 06:03:38:7908 - [RemoveCassette] WaitProcess Cassette Queue Qty :[1]
2025/05/30, 06:03:38:7908 - [RemoveCassette] Current Cassatte Status :[NULL]
2025/05/30, 06:03:38:7908 - [RemoveCassette] Current Wafer Index :[-1]
2025/05/30, 06:03:38:7908 - [RemoveCassette] ProcessComplete Cassette Queue Qty :[0]
2025/05/30, 06:44:29:4193 - [MES]Remove Cassette!>>>>> Port:[3]
2025/05/30, 06:44:29:4193 - [RemoveCassette] All Cassette Queue Qty :[1]
2025/05/30, 06:44:29:4193 - [RemoveCassette] WaitProcess Cassette Queue Qty :[1]
2025/05/30, 06:44:29:4193 - [RemoveCassette] Current Cassatte Status :[NULL]
2025/05/30, 06:44:29:4193 - [RemoveCassette] Current Wafer Index :[-1]
2025/05/30, 06:44:29:4193 - [RemoveCassette] ProcessComplete Cassette Queue Qty :[0]
2025/05/30, 06:44:30:6250 - [MES]>>>>> LoadCassette! CassetteNo:L06902, Lot:506-MM032H0Y-032, Port:3, Qty:25
2025/05/30, 06:44:30:6250 - [AddNewCassatte] All Cassette Queue Qty :[2]
2025/05/30, 06:44:30:6250 - [AddNewCassatte] WaitProcess Cassette Queue Qty :[1]
2025/05/30, 06:44:30:6250 - [AddNewCassatte] Current Cassatte Status :[L08562, Qty=[20], Port=[2]]
2025/05/30, 06:44:30:6250 - [AddNewCassatte] Current Wafer Index :[-1]
2025/05/30, 06:44:30:6250 - [AddNewCassatte] ProcessComplete Cassette Queue Qty :[0]
2025/05/30, 06:44:33:6401 - [MES]Remove Cassette!>>>>> Port:[4]
2025/05/30, 06:44:33:6401 - [RemoveCassette] All Cassette Queue Qty :[2]
2025/05/30, 06:44:33:6401 - [RemoveCassette] WaitProcess Cassette Queue Qty :[1]
2025/05/30, 06:44:33:6401 - [RemoveCassette] Current Cassatte Status :[L08562, Qty=[20], Port=[2]]
2025/05/30, 06:44:33:6401 - [RemoveCassette] Current Wafer Index :[-1]
2025/05/30, 06:44:33:6401 - [RemoveCassette] ProcessComplete Cassette Queue Qty :[0]
2025/05/30, 06:44:34:5446 - [MES]>>>>> LoadCassette! CassetteNo:L07082, Lot:506-MM032H0Y-032, Port:4, Qty:20
2025/05/30, 06:44:34:5446 - [AddNewCassatte] All Cassette Queue Qty :[3]
2025/05/30, 06:44:34:5446 - [AddNewCassatte] WaitProcess Cassette Queue Qty :[2]
2025/05/30, 06:44:34:5446 - [AddNewCassatte] Current Cassatte Status :[L08562, Qty=[20], Port=[2]]
2025/05/30, 06:44:34:5446 - [AddNewCassatte] Current Wafer Index :[-1]
2025/05/30, 06:44:34:5446 - [AddNewCassatte] ProcessComplete Cassette Queue Qty :[0]
2025/05/30, 06:44:42:3800 - [MES]Remove Cassette!>>>>> Port:[2]
2025/05/30, 06:44:42:3800 - [RemoveCassette] Remove Port:[2], Lot:[506-MM032H0Y-031], CstNo:[L08562]
2025/05/30, 06:44:42:3800 - [RemoveCassette] All Cassette Queue Qty :[2]
2025/05/30, 06:44:42:3800 - [RemoveCassette] WaitProcess Cassette Queue Qty :[2]
2025/05/30, 06:44:42:3800 - [RemoveCassette] Current Cassatte Status :[NULL]
2025/05/30, 06:44:42:3800 - [RemoveCassette] Current Wafer Index :[-1]
2025/05/30, 06:44:42:3800 - [RemoveCassette] ProcessComplete Cassette Queue Qty :[0]
2025/05/30, 07:48:32:2561 - [MES]Remove Cassette!>>>>> Port:[3]
2025/05/30, 07:48:32:2561 - [RemoveCassette] Remove Port:[3], Lot:[506-MM032H0Y-032], CstNo:[L06902]
2025/05/30, 07:48:32:2561 - [RemoveCassette] All Cassette Queue Qty :[1]
2025/05/30, 07:48:32:2561 - [RemoveCassette] WaitProcess Cassette Queue Qty :[1]
2025/05/30, 07:48:32:2561 - [RemoveCassette] Current Cassatte Status :[NULL]
2025/05/30, 07:48:32:2561 - [RemoveCassette] Current Wafer Index :[-1]
2025/05/30, 07:48:32:2561 - [RemoveCassette] ProcessComplete Cassette Queue Qty :[0]
2025/05/30, 08:24:53:0624 - [MES]Remove Cassette!>>>>> Port:[4]
2025/05/30, 08:24:53:0624 - [RemoveCassette] Remove Port:[4], Lot:[506-MM032H0Y-032], CstNo:[L07082]
2025/05/30, 08:24:53:0624 - [RemoveCassette] All Cassette Queue Qty :[0]
2025/05/30, 08:24:53:0624 - [RemoveCassette] WaitProcess Cassette Queue Qty :[0]
2025/05/30, 08:24:53:0624 - [RemoveCassette] Current Cassatte Status :[NULL]
2025/05/30, 08:24:53:0624 - [RemoveCassette] Current Wafer Index :[-1]
2025/05/30, 08:24:53:0624 - [RemoveCassette] ProcessComplete Cassette Queue Qty :[0]
2025/05/30, 09:34:23:6061 - [MES]Run Online Flow!
2025/05/30, 09:34:23:6081 - [MES]Start Online
2025/05/30, 09:34:23:6101 - [MES]S1F13 DoSendEstablishCommunicationsRequest...
2025/05/30, 09:34:23:9096 - [MES]S1F14 Establish Communications Acknowledge -[Accepted]
2025/05/30, 09:34:23:9116 - [MES]S1F1 Are You There Report...
2025/05/30, 09:34:24:2111 - [MES]S1F2 Online Data Reply
2025/05/30, 09:34:24:2131 - [MES]S2F17 Date and Time Request...
2025/05/30, 09:34:23:0018 - [MES]S2F18 Date and Time Data -[2025053009342300]
2025/05/30, 09:34:23:0038 - [MES]S65F21 EQP Status Change Report -[ON-LINE]-[IDLE]...
2025/05/30, 09:34:23:3053 - [MES]S65F22 EQP Status Change Report Acknowledge
2025/05/30, 09:34:23:3073 - [MES]Online Complete
2025/05/30, 09:34:23:3073 - ====[OFFLINE -> ONLINE]======
2025/05/30, 09:34:23:3073 - [Clear All Cassette] Clear All Cassette Complete
2025/05/30, 09:34:23:3073 - [Button] Button Start
2025/05/30, 09:34:23:3073 - ==[DoStart]==
2025/05/30, 09:34:23:3073 - ------------------------------------ [StepIdle] Step Finished ------------------------------------[81546397ms]
2025/05/30, 09:34:23:3073 - ------------------------------------ [StepStart] Step Start ------------------------------------
2025/05/30, 09:34:23:3073 - [MES]S65F21 EQP Status Change Report -[ON-LINE]-[RUN]...
2025/05/30, 09:34:23:3073 - [CardDelta] Compare Set Pos, Pos:0
2025/05/30, 09:34:23:3073 - [============[Error Happend]============]
2025/05/30, 09:34:23:3073 - [==[Error Happend]==] Port =[NULL], Lot =[NULL], CassetteNo =[NULL], Index =[-1], WaferNo =[NULL]
2025/05/30, 09:34:23:3073 - [==[Error Happend]==][Center][流程異常][System.Exception: CS_ECAT_Compare_Set_Channel_Position, Error Code :4352
   於 Wafer_Inline_System.Card_Delta_ECDI.SetComparePos(Int32 Pos) 於 D:\Mick\Wafer_Inline_System1126\Wafer_Inline_System1122\Wafer_Inline_System\Class\Card\ClsCard_Delta_ECDI.cs: 行 595
   於 Wafer_Inline_System.MCenter.MainFlow() 於 D:\Mick\Wafer_Inline_System1126\Wafer_Inline_System1122\Wafer_Inline_System\MCenter.cs: 行 2616][System.Exception: CS_ECAT_Compare_Set_Channel_Position, Error Code :4352
   於 Wafer_Inline_System.Card_Delta_ECDI.SetComparePos(Int32 Pos) 於 D:\Mick\Wafer_Inline_System1126\Wafer_Inline_System1122\Wafer_Inline_System\Class\Card\ClsCard_Delta_ECDI.cs: 行 595
   於 Wafer_Inline_System.MCenter.MainFlow() 於 D:\Mick\Wafer_Inline_System1126\Wafer_Inline_System1122\Wafer_Inline_System\MCenter.cs: 行 2616]
2025/05/30, 09:34:23:3073 - [============[Error Happend]============]
2025/05/30, 09:34:23:3073 - [MES]S65F21 EQP Status Change Report -[ON-LINE]-[DOWN]...
2025/05/30, 09:34:23:3093 - [MES]Action Done
2025/05/30, 09:34:23:4111 - ------------------------------------ [StepStart] Step Finished ------------------------------------[103ms]
2025/05/30, 09:34:23:4111 - ------------------------------------ [InspectFinished] Step Start ------------------------------------
2025/05/30, 09:34:23:4111 - [InspectFinished] InspectFinished!
2025/05/30, 09:34:23:4111 - [InspectFinished] Tact Time : 0 ms
2025/05/30, 09:34:23:4111 - ========================================[Inspect Finished]========================================
2025/05/30, 09:34:23:4111 - [InspectFinished] Current Result Is NULL.
2025/05/30, 09:34:23:4231 - ------------------------------------ [InspectFinished] Step Finished ------------------------------------[11ms]
2025/05/30, 09:34:23:4231 - ------------------------------------ [CheckNextAction] Step Start ------------------------------------
2025/05/30, 09:34:23:4231 - [CheckNextAction] Check Next Wafer Info
2025/05/30, 09:34:23:4231 - [CheckNextAction] No Next Wafer
2025/05/30, 09:34:23:4231 - [CheckNextAction] Get Wafer Info = null
2025/05/30, 09:34:23:4231 - ------------------------------------ [CheckNextAction] Step Finished ------------------------------------[0ms]
2025/05/30, 09:34:23:4231 - ------------------------------------ [CheckOnlineMode] Step Start ------------------------------------
2025/05/30, 09:34:23:4231 - [CheckOnlineMode] OnlineMode->[OnLine]
2025/05/30, 09:34:23:4231 - ------------------------------------ [CheckOnlineMode] Step Finished ------------------------------------[0ms]
2025/05/30, 09:34:23:4231 - ------------------------------------ [MES_WaitCassatteInfo] Step Start ------------------------------------
2025/05/30, 09:35:29:0254 - [MES]Run Online Flow!
2025/05/30, 09:35:29:0274 - [MES]Start Online
2025/05/30, 09:35:29:0293 - [MES]S1F13 DoSendEstablishCommunicationsRequest...
2025/05/30, 09:35:29:3289 - [MES]S1F14 Establish Communications Acknowledge -[Accepted]
2025/05/30, 09:35:29:3308 - [MES]S1F1 Are You There Report...
2025/05/30, 09:35:29:6304 - [MES]S1F2 Online Data Reply
2025/05/30, 09:35:29:6324 - [MES]S2F17 Date and Time Request...
2025/05/30, 09:35:30:0018 - [MES]S2F18 Date and Time Data -[2025053009353000]
2025/05/30, 09:35:30:0038 - [MES]S65F21 EQP Status Change Report -[ON-LINE]-[IDLE]...
2025/05/30, 09:35:30:3013 - [MES]S65F22 EQP Status Change Report Acknowledge
2025/05/30, 09:35:30:3033 - [MES]Online Complete
2025/05/30, 09:35:30:3033 - ====[OFFLINE -> ONLINE]======
2025/05/30, 09:35:30:3033 - [Clear All Cassette] Clear All Cassette Complete
2025/05/30, 09:35:30:3033 - [Button] Button Start
2025/05/30, 09:35:30:3053 - [MES]Action Done
2025/05/30, 09:35:46:5792 - [MES]Remove Cassette!>>>>> Port:[2]
2025/05/30, 09:35:46:5792 - [RemoveCassette] All Cassette Queue Qty :[0]
2025/05/30, 09:35:46:5792 - [RemoveCassette] WaitProcess Cassette Queue Qty :[0]
2025/05/30, 09:35:46:5792 - [RemoveCassette] Current Cassatte Status :[NULL]
2025/05/30, 09:35:46:5792 - [RemoveCassette] Current Wafer Index :[-1]
2025/05/30, 09:35:46:5792 - [RemoveCassette] ProcessComplete Cassette Queue Qty :[0]
2025/05/30, 09:35:47:7852 - [MES]>>>>> LoadCassette! CassetteNo:L06902, Lot:505-BELDYC06-020, Port:2, Qty:2
2025/05/30, 09:35:47:7852 - ------------------------------------ [MES_WaitCassatteInfo] Step Finished ------------------------------------[84292ms]
2025/05/30, 09:35:47:7852 - ------------------------------------ [CheckCassetteInfo] Step Start ------------------------------------
2025/05/30, 09:35:47:7852 - [CheckCassetteInfo] CurrentCassatteInfo != null
2025/05/30, 09:35:47:7852 - [AddNewCassatte] All Cassette Queue Qty :[1]
2025/05/30, 09:35:47:7852 - [AddNewCassatte] WaitProcess Cassette Queue Qty :[0]
2025/05/30, 09:35:47:7852 - [AddNewCassatte] Current Cassatte Status :[L06902, Qty=[2], Port=[2]]
2025/05/30, 09:35:47:7852 - [AddNewCassatte] Current Wafer Index :[-1]
2025/05/30, 09:35:47:7852 - [AddNewCassatte] ProcessComplete Cassette Queue Qty :[0]
2025/05/30, 09:35:47:7852 - [CheckCassetteInfo] Current RecipeName -->NO1-L
2025/05/30, 09:35:47:7852 - [CheckCassetteInfo] GotWaferCount --> 0
2025/05/30, 09:35:47:7852 - [CheckCassetteInfo] CurrentWaferIndex --> -1
2025/05/30, 09:35:47:7852 - ------------------------------------ [CheckCassetteInfo] Step Finished ------------------------------------[0ms]
2025/05/30, 09:35:47:7852 - ------------------------------------ [CheckRecipe] Step Start ------------------------------------
2025/05/30, 09:35:47:7852 - [LoadConfig] Load ProductRecipe Start
2025/05/30, 09:35:47:7972 - [LoadConfig] Load ProductRecipe Finished
2025/05/30, 09:35:47:7972 - [CheckRecipe] RecipeName :NO1-L
2025/05/30, 09:35:47:7972 - [LoadConfig] Load AlgorithmConfig
2025/05/30, 09:35:47:8012 - [LoadConfig] Load AlgorithmConfig Finished
2025/05/30, 09:35:47:8012 - [CheckRecipe] Load Algorithm ConfigNO1-L
2025/05/30, 09:35:47:8012 - [CheckRecipe] Load Algorithm Config Successful.
2025/05/30, 09:35:47:8012 - [LoadConfig] Load InspctSpecConfig
2025/05/30, 09:35:47:8172 - [LoadConfig] Load InspctSpecConfig Finished
2025/05/30, 09:35:47:8232 - [CheckRecipe] Load InspctSpec Config Successful :TestSpec
2025/05/30, 09:35:47:8232 - ------------------------------------ [CheckRecipe] Step Finished ------------------------------------[39ms]
2025/05/30, 09:35:47:8232 - ------------------------------------ [WaitWaferIn] Step Start ------------------------------------
2025/05/30, 09:44:12:7574 - [MES]Remove Cassette!>>>>> Port:[2]
2025/05/30, 09:44:12:7574 - [RemoveCassette] Remove Port:[2], Lot:[505-BELDYC06-020], CstNo:[L06902]
2025/05/30, 09:44:12:7574 - [RemoveCassette] All Cassette Queue Qty :[0]
2025/05/30, 09:44:12:7574 - [RemoveCassette] WaitProcess Cassette Queue Qty :[0]
2025/05/30, 09:44:12:7574 - [RemoveCassette] Current Cassatte Status :[NULL]
2025/05/30, 09:44:12:7574 - [RemoveCassette] Current Wafer Index :[-1]
2025/05/30, 09:44:12:7574 - [RemoveCassette] ProcessComplete Cassette Queue Qty :[0]
2025/05/30, 09:50:18:7485 - [MES]Remove Cassette!>>>>> Port:[3]
2025/05/30, 09:50:18:7485 - [RemoveCassette] All Cassette Queue Qty :[0]
2025/05/30, 09:50:18:7485 - [RemoveCassette] WaitProcess Cassette Queue Qty :[0]
2025/05/30, 09:50:18:7485 - [RemoveCassette] Current Cassatte Status :[NULL]
2025/05/30, 09:50:18:7485 - [RemoveCassette] Current Wafer Index :[-1]
2025/05/30, 09:50:18:7485 - [RemoveCassette] ProcessComplete Cassette Queue Qty :[0]
2025/05/30, 09:50:19:9545 - [MES]>>>>> LoadCassette! CassetteNo:L07472, Lot:506-MM032H0Y-033, Port:3, Qty:25
2025/05/30, 09:50:19:9545 - [AddNewCassatte] All Cassette Queue Qty :[1]
2025/05/30, 09:50:19:9545 - [AddNewCassatte] WaitProcess Cassette Queue Qty :[0]
2025/05/30, 09:50:19:9545 - [AddNewCassatte] Current Cassatte Status :[L07472, Qty=[25], Port=[3]]
2025/05/30, 09:50:19:9545 - [AddNewCassatte] Current Wafer Index :[-1]
2025/05/30, 09:50:19:9545 - [AddNewCassatte] ProcessComplete Cassette Queue Qty :[0]
2025/05/30, 09:50:25:6828 - [MES]Remove Cassette!>>>>> Port:[4]
2025/05/30, 09:50:25:6828 - [RemoveCassette] All Cassette Queue Qty :[1]
2025/05/30, 09:50:25:6828 - [RemoveCassette] WaitProcess Cassette Queue Qty :[0]
2025/05/30, 09:50:25:6828 - [RemoveCassette] Current Cassatte Status :[L07472, Qty=[25], Port=[3]]
2025/05/30, 09:50:25:6828 - [RemoveCassette] Current Wafer Index :[-1]
2025/05/30, 09:50:25:6828 - [RemoveCassette] ProcessComplete Cassette Queue Qty :[0]
2025/05/30, 09:50:26:5871 - [MES]>>>>> LoadCassette! CassetteNo:L08882, Lot:506-MM032H0Y-033, Port:4, Qty:20
2025/05/30, 09:50:26:5871 - [AddNewCassatte] All Cassette Queue Qty :[2]
2025/05/30, 09:50:26:5871 - [AddNewCassatte] WaitProcess Cassette Queue Qty :[1]
2025/05/30, 09:50:26:5871 - [AddNewCassatte] Current Cassatte Status :[L07472, Qty=[25], Port=[3]]
2025/05/30, 09:50:26:5871 - [AddNewCassatte] Current Wafer Index :[-1]
2025/05/30, 09:50:26:5871 - [AddNewCassatte] ProcessComplete Cassette Queue Qty :[0]
2025/05/30, 11:15:07:8361 - [MES]Remove Cassette!>>>>> Port:[3]
2025/05/30, 11:15:07:8361 - [RemoveCassette] Remove Port:[3], Lot:[506-MM032H0Y-033], CstNo:[L07472]
2025/05/30, 11:15:07:8361 - [RemoveCassette] All Cassette Queue Qty :[1]
2025/05/30, 11:15:07:8361 - [RemoveCassette] WaitProcess Cassette Queue Qty :[1]
2025/05/30, 11:15:07:8361 - [RemoveCassette] Current Cassatte Status :[NULL]
2025/05/30, 11:15:07:8361 - [RemoveCassette] Current Wafer Index :[-1]
2025/05/30, 11:15:07:8361 - [RemoveCassette] ProcessComplete Cassette Queue Qty :[0]
2025/05/30, 11:40:48:6551 - [MES]Remove Cassette!>>>>> Port:[4]
2025/05/30, 11:40:48:6551 - [RemoveCassette] Remove Port:[4], Lot:[506-MM032H0Y-033], CstNo:[L08882]
2025/05/30, 11:40:48:6551 - [RemoveCassette] All Cassette Queue Qty :[0]
2025/05/30, 11:40:48:6551 - [RemoveCassette] WaitProcess Cassette Queue Qty :[0]
2025/05/30, 11:40:48:6551 - [RemoveCassette] Current Cassatte Status :[NULL]
2025/05/30, 11:40:48:6551 - [RemoveCassette] Current Wafer Index :[-1]
2025/05/30, 11:40:48:6551 - [RemoveCassette] ProcessComplete Cassette Queue Qty :[0]
2025/05/30, 11:40:52:5744 - [MES]Remove Cassette!>>>>> Port:[1]
2025/05/30, 11:40:52:5744 - [RemoveCassette] All Cassette Queue Qty :[0]
2025/05/30, 11:40:52:5744 - [RemoveCassette] WaitProcess Cassette Queue Qty :[0]
2025/05/30, 11:40:52:5744 - [RemoveCassette] Current Cassatte Status :[NULL]
2025/05/30, 11:40:52:5744 - [RemoveCassette] Current Wafer Index :[-1]
2025/05/30, 11:40:52:5744 - [RemoveCassette] ProcessComplete Cassette Queue Qty :[0]
2025/05/30, 11:40:53:7804 - [MES]>>>>> LoadCassette! CassetteNo:L04052, Lot:506-MM032H0Y-034, Port:1, Qty:25
2025/05/30, 11:40:53:7804 - [AddNewCassatte] All Cassette Queue Qty :[1]
2025/05/30, 11:40:53:7804 - [AddNewCassatte] WaitProcess Cassette Queue Qty :[0]
2025/05/30, 11:40:53:7804 - [AddNewCassatte] Current Cassatte Status :[L04052, Qty=[25], Port=[1]]
2025/05/30, 11:40:53:7804 - [AddNewCassatte] Current Wafer Index :[-1]
2025/05/30, 11:40:53:7804 - [AddNewCassatte] ProcessComplete Cassette Queue Qty :[0]
2025/05/30, 11:40:56:7954 - [MES]Remove Cassette!>>>>> Port:[2]
2025/05/30, 11:40:56:7954 - [RemoveCassette] All Cassette Queue Qty :[1]
2025/05/30, 11:40:56:7954 - [RemoveCassette] WaitProcess Cassette Queue Qty :[0]
2025/05/30, 11:40:56:7954 - [RemoveCassette] Current Cassatte Status :[L04052, Qty=[25], Port=[1]]
2025/05/30, 11:40:56:7954 - [RemoveCassette] Current Wafer Index :[-1]
2025/05/30, 11:40:56:7954 - [RemoveCassette] ProcessComplete Cassette Queue Qty :[0]
2025/05/30, 11:40:57:6999 - [MES]>>>>> LoadCassette! CassetteNo:L09592, Lot:506-MM032H0Y-034, Port:2, Qty:20
2025/05/30, 11:40:57:6999 - [AddNewCassatte] All Cassette Queue Qty :[2]
2025/05/30, 11:40:57:6999 - [AddNewCassatte] WaitProcess Cassette Queue Qty :[1]
2025/05/30, 11:40:57:6999 - [AddNewCassatte] Current Cassatte Status :[L04052, Qty=[25], Port=[1]]
2025/05/30, 11:40:57:6999 - [AddNewCassatte] Current Wafer Index :[-1]
2025/05/30, 11:40:57:6999 - [AddNewCassatte] ProcessComplete Cassette Queue Qty :[0]
2025/05/30, 13:11:05:8034 - [MES]Remove Cassette!>>>>> Port:[1]
2025/05/30, 13:11:05:8034 - [RemoveCassette] Remove Port:[1], Lot:[506-MM032H0Y-034], CstNo:[L04052]
2025/05/30, 13:11:05:8034 - [RemoveCassette] All Cassette Queue Qty :[1]
2025/05/30, 13:11:05:8034 - [RemoveCassette] WaitProcess Cassette Queue Qty :[1]
2025/05/30, 13:11:05:8034 - [RemoveCassette] Current Cassatte Status :[NULL]
2025/05/30, 13:11:05:8034 - [RemoveCassette] Current Wafer Index :[-1]
2025/05/30, 13:11:05:8034 - [RemoveCassette] ProcessComplete Cassette Queue Qty :[0]
2025/05/30, 13:19:19:3210 - [MES]Remove Cassette!>>>>> Port:[2]
2025/05/30, 13:19:19:3210 - [RemoveCassette] Remove Port:[2], Lot:[506-MM032H0Y-034], CstNo:[L09592]
2025/05/30, 13:19:19:3210 - [RemoveCassette] All Cassette Queue Qty :[0]
2025/05/30, 13:19:19:3210 - [RemoveCassette] WaitProcess Cassette Queue Qty :[0]
2025/05/30, 13:19:19:3210 - [RemoveCassette] Current Cassatte Status :[NULL]
2025/05/30, 13:19:19:3210 - [RemoveCassette] Current Wafer Index :[-1]
2025/05/30, 13:19:19:3210 - [RemoveCassette] ProcessComplete Cassette Queue Qty :[0]
2025/05/30, 13:19:25:9540 - [MES]Remove Cassette!>>>>> Port:[3]
2025/05/30, 13:19:25:9540 - [RemoveCassette] All Cassette Queue Qty :[0]
2025/05/30, 13:19:25:9540 - [RemoveCassette] WaitProcess Cassette Queue Qty :[0]
2025/05/30, 13:19:25:9540 - [RemoveCassette] Current Cassatte Status :[NULL]
2025/05/30, 13:19:25:9540 - [RemoveCassette] Current Wafer Index :[-1]
2025/05/30, 13:19:25:9540 - [RemoveCassette] ProcessComplete Cassette Queue Qty :[0]
2025/05/30, 13:19:27:1600 - [MES]>>>>> LoadCassette! CassetteNo:L00742, Lot:506-MM032H0Y-035, Port:3, Qty:25
2025/05/30, 13:19:27:1600 - [AddNewCassatte] All Cassette Queue Qty :[1]
2025/05/30, 13:19:27:1600 - [AddNewCassatte] WaitProcess Cassette Queue Qty :[0]
2025/05/30, 13:19:27:1600 - [AddNewCassatte] Current Cassatte Status :[L00742, Qty=[25], Port=[3]]
2025/05/30, 13:19:27:1600 - [AddNewCassatte] Current Wafer Index :[-1]
2025/05/30, 13:19:27:1600 - [AddNewCassatte] ProcessComplete Cassette Queue Qty :[0]
2025/05/30, 13:19:29:5721 - [MES]Remove Cassette!>>>>> Port:[4]
2025/05/30, 13:19:29:5721 - [RemoveCassette] All Cassette Queue Qty :[1]
2025/05/30, 13:19:29:5721 - [RemoveCassette] WaitProcess Cassette Queue Qty :[0]
2025/05/30, 13:19:29:5721 - [RemoveCassette] Current Cassatte Status :[L00742, Qty=[25], Port=[3]]
2025/05/30, 13:19:29:5721 - [RemoveCassette] Current Wafer Index :[-1]
2025/05/30, 13:19:29:5721 - [RemoveCassette] ProcessComplete Cassette Queue Qty :[0]
2025/05/30, 13:19:30:7778 - [MES]>>>>> LoadCassette! CassetteNo:L06792, Lot:506-MM032H0Y-035, Port:4, Qty:20
2025/05/30, 13:19:30:7778 - [AddNewCassatte] All Cassette Queue Qty :[2]
2025/05/30, 13:19:30:7778 - [AddNewCassatte] WaitProcess Cassette Queue Qty :[1]
2025/05/30, 13:19:30:7778 - [AddNewCassatte] Current Cassatte Status :[L00742, Qty=[25], Port=[3]]
2025/05/30, 13:19:30:7778 - [AddNewCassatte] Current Wafer Index :[-1]
2025/05/30, 13:19:30:7778 - [AddNewCassatte] ProcessComplete Cassette Queue Qty :[0]
2025/05/30, 14:40:35:0558 - [MES]Remove Cassette!>>>>> Port:[3]
2025/05/30, 14:40:35:0558 - [RemoveCassette] Remove Port:[3], Lot:[506-MM032H0Y-035], CstNo:[L00742]
2025/05/30, 14:40:35:0558 - [RemoveCassette] All Cassette Queue Qty :[1]
2025/05/30, 14:40:35:0558 - [RemoveCassette] WaitProcess Cassette Queue Qty :[1]
2025/05/30, 14:40:35:0558 - [RemoveCassette] Current Cassatte Status :[NULL]
2025/05/30, 14:40:35:0558 - [RemoveCassette] Current Wafer Index :[-1]
2025/05/30, 14:40:35:0558 - [RemoveCassette] ProcessComplete Cassette Queue Qty :[0]
2025/05/30, 15:00:19:5279 - [MES]Remove Cassette!>>>>> Port:[4]
2025/05/30, 15:00:19:5279 - [RemoveCassette] Remove Port:[4], Lot:[506-MM032H0Y-035], CstNo:[L06792]
2025/05/30, 15:00:19:5279 - [RemoveCassette] All Cassette Queue Qty :[0]
2025/05/30, 15:00:19:5279 - [RemoveCassette] WaitProcess Cassette Queue Qty :[0]
2025/05/30, 15:00:19:5279 - [RemoveCassette] Current Cassatte Status :[NULL]
2025/05/30, 15:00:19:5279 - [RemoveCassette] Current Wafer Index :[-1]
2025/05/30, 15:00:19:5279 - [RemoveCassette] ProcessComplete Cassette Queue Qty :[0]
2025/05/30, 15:01:15:5997 - [MES]Remove Cassette!>>>>> Port:[1]
2025/05/30, 15:01:15:5997 - [RemoveCassette] All Cassette Queue Qty :[0]
2025/05/30, 15:01:15:5997 - [RemoveCassette] WaitProcess Cassette Queue Qty :[0]
2025/05/30, 15:01:15:5997 - [RemoveCassette] Current Cassatte Status :[NULL]
2025/05/30, 15:01:15:5997 - [RemoveCassette] Current Wafer Index :[-1]
2025/05/30, 15:01:15:5997 - [RemoveCassette] ProcessComplete Cassette Queue Qty :[0]
2025/05/30, 15:01:16:8049 - [MES]>>>>> LoadCassette! CassetteNo:L03772, Lot:506-MM032H0Y-036, Port:1, Qty:25
2025/05/30, 15:01:16:8049 - [AddNewCassatte] All Cassette Queue Qty :[1]
2025/05/30, 15:01:16:8049 - [AddNewCassatte] WaitProcess Cassette Queue Qty :[0]
2025/05/30, 15:01:16:8049 - [AddNewCassatte] Current Cassatte Status :[L03772, Qty=[25], Port=[1]]
2025/05/30, 15:01:16:8049 - [AddNewCassatte] Current Wafer Index :[-1]
2025/05/30, 15:01:16:8049 - [AddNewCassatte] ProcessComplete Cassette Queue Qty :[0]
2025/05/30, 15:01:19:8185 - [MES]Remove Cassette!>>>>> Port:[2]
2025/05/30, 15:01:19:8185 - [RemoveCassette] All Cassette Queue Qty :[1]
2025/05/30, 15:01:19:8185 - [RemoveCassette] WaitProcess Cassette Queue Qty :[0]
2025/05/30, 15:01:19:8185 - [RemoveCassette] Current Cassatte Status :[L03772, Qty=[25], Port=[1]]
2025/05/30, 15:01:19:8185 - [RemoveCassette] Current Wafer Index :[-1]
2025/05/30, 15:01:19:8185 - [RemoveCassette] ProcessComplete Cassette Queue Qty :[0]
2025/05/30, 15:01:20:7230 - [MES]>>>>> LoadCassette! CassetteNo:L09032, Lot:506-MM032H0Y-036, Port:2, Qty:5
2025/05/30, 15:01:20:7230 - [AddNewCassatte] All Cassette Queue Qty :[2]
2025/05/30, 15:01:20:7230 - [AddNewCassatte] WaitProcess Cassette Queue Qty :[1]
2025/05/30, 15:01:20:7230 - [AddNewCassatte] Current Cassatte Status :[L03772, Qty=[25], Port=[1]]
2025/05/30, 15:01:20:7230 - [AddNewCassatte] Current Wafer Index :[-1]
2025/05/30, 15:01:20:7230 - [AddNewCassatte] ProcessComplete Cassette Queue Qty :[0]
2025/05/30, 16:09:45:8039 - [MES]Remove Cassette!>>>>> Port:[1]
2025/05/30, 16:09:45:8039 - [RemoveCassette] Remove Port:[1], Lot:[506-MM032H0Y-036], CstNo:[L03772]
2025/05/30, 16:09:45:8039 - [RemoveCassette] All Cassette Queue Qty :[1]
2025/05/30, 16:09:45:8039 - [RemoveCassette] WaitProcess Cassette Queue Qty :[1]
2025/05/30, 16:09:45:8039 - [RemoveCassette] Current Cassatte Status :[NULL]
2025/05/30, 16:09:45:8039 - [RemoveCassette] Current Wafer Index :[-1]
2025/05/30, 16:09:45:8039 - [RemoveCassette] ProcessComplete Cassette Queue Qty :[0]
2025/05/30, 16:14:41:5447 - [MES]Remove Cassette!>>>>> Port:[3]
2025/05/30, 16:14:41:5447 - [RemoveCassette] All Cassette Queue Qty :[1]
2025/05/30, 16:14:41:5447 - [RemoveCassette] WaitProcess Cassette Queue Qty :[1]
2025/05/30, 16:14:41:5447 - [RemoveCassette] Current Cassatte Status :[NULL]
2025/05/30, 16:14:41:5447 - [RemoveCassette] Current Wafer Index :[-1]
2025/05/30, 16:14:41:5447 - [RemoveCassette] ProcessComplete Cassette Queue Qty :[0]
2025/05/30, 16:14:42:7504 - [MES]>>>>> LoadCassette! CassetteNo:L03512, Lot:506-MM032H0Y-037, Port:3, Qty:25
2025/05/30, 16:14:42:7504 - [AddNewCassatte] All Cassette Queue Qty :[2]
2025/05/30, 16:14:42:7504 - [AddNewCassatte] WaitProcess Cassette Queue Qty :[1]
2025/05/30, 16:14:42:7504 - [AddNewCassatte] Current Cassatte Status :[L09032, Qty=[5], Port=[2]]
2025/05/30, 16:14:42:7504 - [AddNewCassatte] Current Wafer Index :[-1]
2025/05/30, 16:14:42:7504 - [AddNewCassatte] ProcessComplete Cassette Queue Qty :[0]
2025/05/30, 16:14:45:1624 - [MES]Remove Cassette!>>>>> Port:[4]
2025/05/30, 16:14:45:1624 - [RemoveCassette] All Cassette Queue Qty :[2]
2025/05/30, 16:14:45:1624 - [RemoveCassette] WaitProcess Cassette Queue Qty :[1]
2025/05/30, 16:14:45:1624 - [RemoveCassette] Current Cassatte Status :[L09032, Qty=[5], Port=[2]]
2025/05/30, 16:14:45:1624 - [RemoveCassette] Current Wafer Index :[-1]
2025/05/30, 16:14:45:1624 - [RemoveCassette] ProcessComplete Cassette Queue Qty :[0]
2025/05/30, 16:14:46:0669 - [MES]>>>>> LoadCassette! CassetteNo:L04942, Lot:506-MM032H0Y-037, Port:4, Qty:20
2025/05/30, 16:14:46:0669 - [AddNewCassatte] All Cassette Queue Qty :[3]
2025/05/30, 16:14:46:0669 - [AddNewCassatte] WaitProcess Cassette Queue Qty :[2]
2025/05/30, 16:14:46:0669 - [AddNewCassatte] Current Cassatte Status :[L09032, Qty=[5], Port=[2]]
2025/05/30, 16:14:46:0669 - [AddNewCassatte] Current Wafer Index :[-1]
2025/05/30, 16:14:46:0669 - [AddNewCassatte] ProcessComplete Cassette Queue Qty :[0]
2025/05/30, 16:14:52:3985 - [MES]Remove Cassette!>>>>> Port:[2]
2025/05/30, 16:14:52:3985 - [RemoveCassette] Remove Port:[2], Lot:[506-MM032H0Y-036], CstNo:[L09032]
2025/05/30, 16:14:52:3985 - [RemoveCassette] All Cassette Queue Qty :[2]
2025/05/30, 16:14:52:3985 - [RemoveCassette] WaitProcess Cassette Queue Qty :[2]
2025/05/30, 16:14:52:3985 - [RemoveCassette] Current Cassatte Status :[NULL]
2025/05/30, 16:14:52:3985 - [RemoveCassette] Current Wafer Index :[-1]
2025/05/30, 16:14:52:3985 - [RemoveCassette] ProcessComplete Cassette Queue Qty :[0]
2025/05/30, 17:16:39:5459 - [MES]Remove Cassette!>>>>> Port:[3]
2025/05/30, 17:16:39:5459 - [RemoveCassette] Remove Port:[3], Lot:[506-MM032H0Y-037], CstNo:[L03512]
2025/05/30, 17:16:39:5459 - [RemoveCassette] All Cassette Queue Qty :[1]
2025/05/30, 17:16:39:5459 - [RemoveCassette] WaitProcess Cassette Queue Qty :[1]
2025/05/30, 17:16:39:5459 - [RemoveCassette] Current Cassatte Status :[NULL]
2025/05/30, 17:16:39:5459 - [RemoveCassette] Current Wafer Index :[-1]
2025/05/30, 17:16:39:5459 - [RemoveCassette] ProcessComplete Cassette Queue Qty :[0]
2025/05/30, 17:58:35:5711 - [MES]Remove Cassette!>>>>> Port:[1]
2025/05/30, 17:58:35:5711 - [RemoveCassette] All Cassette Queue Qty :[1]
2025/05/30, 17:58:35:5711 - [RemoveCassette] WaitProcess Cassette Queue Qty :[1]
2025/05/30, 17:58:35:5711 - [RemoveCassette] Current Cassatte Status :[NULL]
2025/05/30, 17:58:35:5711 - [RemoveCassette] Current Wafer Index :[-1]
2025/05/30, 17:58:35:5711 - [RemoveCassette] ProcessComplete Cassette Queue Qty :[0]
2025/05/30, 17:58:36:4756 - [MES]>>>>> LoadCassette! CassetteNo:L00392, Lot:506-MM032H0Y-038, Port:1, Qty:25
2025/05/30, 17:58:36:4756 - [AddNewCassatte] All Cassette Queue Qty :[2]
2025/05/30, 17:58:36:4756 - [AddNewCassatte] WaitProcess Cassette Queue Qty :[1]
2025/05/30, 17:58:36:4756 - [AddNewCassatte] Current Cassatte Status :[L04942, Qty=[20], Port=[4]]
2025/05/30, 17:58:36:4756 - [AddNewCassatte] Current Wafer Index :[-1]
2025/05/30, 17:58:36:4756 - [AddNewCassatte] ProcessComplete Cassette Queue Qty :[0]
2025/05/30, 17:58:39:1891 - [MES]Remove Cassette!>>>>> Port:[2]
2025/05/30, 17:58:39:1891 - [RemoveCassette] All Cassette Queue Qty :[2]
2025/05/30, 17:58:39:1891 - [RemoveCassette] WaitProcess Cassette Queue Qty :[1]
2025/05/30, 17:58:39:1891 - [RemoveCassette] Current Cassatte Status :[L04942, Qty=[20], Port=[4]]
2025/05/30, 17:58:39:1891 - [RemoveCassette] Current Wafer Index :[-1]
2025/05/30, 17:58:39:1891 - [RemoveCassette] ProcessComplete Cassette Queue Qty :[0]
2025/05/30, 17:58:40:3937 - [MES]>>>>> LoadCassette! CassetteNo:L02022, Lot:506-MM032H0Y-038, Port:2, Qty:20
2025/05/30, 17:58:40:3937 - [AddNewCassatte] All Cassette Queue Qty :[3]
2025/05/30, 17:58:40:3937 - [AddNewCassatte] WaitProcess Cassette Queue Qty :[2]
2025/05/30, 17:58:40:3937 - [AddNewCassatte] Current Cassatte Status :[L04942, Qty=[20], Port=[4]]
2025/05/30, 17:58:40:3937 - [AddNewCassatte] Current Wafer Index :[-1]
2025/05/30, 17:58:40:3937 - [AddNewCassatte] ProcessComplete Cassette Queue Qty :[0]
2025/05/30, 17:58:44:6144 - [MES]Remove Cassette!>>>>> Port:[4]
2025/05/30, 17:58:44:6144 - [RemoveCassette] Remove Port:[4], Lot:[506-MM032H0Y-037], CstNo:[L04942]
2025/05/30, 17:58:44:6144 - [RemoveCassette] All Cassette Queue Qty :[2]
2025/05/30, 17:58:44:6144 - [RemoveCassette] WaitProcess Cassette Queue Qty :[2]
2025/05/30, 17:58:44:6144 - [RemoveCassette] Current Cassatte Status :[NULL]
2025/05/30, 17:58:44:6144 - [RemoveCassette] Current Wafer Index :[-1]
2025/05/30, 17:58:44:6144 - [RemoveCassette] ProcessComplete Cassette Queue Qty :[0]
2025/05/30, 19:20:25:9017 - [MES]Remove Cassette!>>>>> Port:[1]
2025/05/30, 19:20:25:9017 - [RemoveCassette] Remove Port:[1], Lot:[506-MM032H0Y-038], CstNo:[L00392]
2025/05/30, 19:20:25:9017 - [RemoveCassette] All Cassette Queue Qty :[1]
2025/05/30, 19:20:25:9017 - [RemoveCassette] WaitProcess Cassette Queue Qty :[1]
2025/05/30, 19:20:25:9017 - [RemoveCassette] Current Cassatte Status :[NULL]
2025/05/30, 19:20:25:9017 - [RemoveCassette] Current Wafer Index :[-1]
2025/05/30, 19:20:25:9017 - [RemoveCassette] ProcessComplete Cassette Queue Qty :[0]
2025/05/30, 19:36:23:3486 - [MES]Remove Cassette!>>>>> Port:[3]
2025/05/30, 19:36:23:3486 - [RemoveCassette] All Cassette Queue Qty :[1]
2025/05/30, 19:36:23:3486 - [RemoveCassette] WaitProcess Cassette Queue Qty :[1]
2025/05/30, 19:36:23:3486 - [RemoveCassette] Current Cassatte Status :[NULL]
2025/05/30, 19:36:23:3486 - [RemoveCassette] Current Wafer Index :[-1]
2025/05/30, 19:36:23:3486 - [RemoveCassette] ProcessComplete Cassette Queue Qty :[0]
2025/05/30, 19:36:24:5546 - [MES]>>>>> LoadCassette! CassetteNo:L02222, Lot:506-MM032H0Y-039, Port:3, Qty:25
2025/05/30, 19:36:24:5546 - [AddNewCassatte] All Cassette Queue Qty :[2]
2025/05/30, 19:36:24:5546 - [AddNewCassatte] WaitProcess Cassette Queue Qty :[1]
2025/05/30, 19:36:24:5546 - [AddNewCassatte] Current Cassatte Status :[L02022, Qty=[20], Port=[2]]
2025/05/30, 19:36:24:5546 - [AddNewCassatte] Current Wafer Index :[-1]
2025/05/30, 19:36:24:5546 - [AddNewCassatte] ProcessComplete Cassette Queue Qty :[0]
2025/05/30, 19:36:27:5673 - [MES]Remove Cassette!>>>>> Port:[4]
2025/05/30, 19:36:27:5673 - [RemoveCassette] All Cassette Queue Qty :[2]
2025/05/30, 19:36:27:5673 - [RemoveCassette] WaitProcess Cassette Queue Qty :[1]
2025/05/30, 19:36:27:5673 - [RemoveCassette] Current Cassatte Status :[L02022, Qty=[20], Port=[2]]
2025/05/30, 19:36:27:5673 - [RemoveCassette] Current Wafer Index :[-1]
2025/05/30, 19:36:27:5673 - [RemoveCassette] ProcessComplete Cassette Queue Qty :[0]
2025/05/30, 19:36:28:4718 - [MES]>>>>> LoadCassette! CassetteNo:L03382, Lot:506-MM032H0Y-039, Port:4, Qty:20
2025/05/30, 19:36:28:4718 - [AddNewCassatte] All Cassette Queue Qty :[3]
2025/05/30, 19:36:28:4718 - [AddNewCassatte] WaitProcess Cassette Queue Qty :[2]
2025/05/30, 19:36:28:4718 - [AddNewCassatte] Current Cassatte Status :[L02022, Qty=[20], Port=[2]]
2025/05/30, 19:36:28:4718 - [AddNewCassatte] Current Wafer Index :[-1]
2025/05/30, 19:36:28:4718 - [AddNewCassatte] ProcessComplete Cassette Queue Qty :[0]
2025/05/30, 19:36:33:8986 - [MES]Remove Cassette!>>>>> Port:[2]
2025/05/30, 19:36:33:8986 - [RemoveCassette] Remove Port:[2], Lot:[506-MM032H0Y-038], CstNo:[L02022]
2025/05/30, 19:36:33:8986 - [RemoveCassette] All Cassette Queue Qty :[2]
2025/05/30, 19:36:33:8986 - [RemoveCassette] WaitProcess Cassette Queue Qty :[2]
2025/05/30, 19:36:33:8986 - [RemoveCassette] Current Cassatte Status :[NULL]
2025/05/30, 19:36:33:8986 - [RemoveCassette] Current Wafer Index :[-1]
2025/05/30, 19:36:33:8986 - [RemoveCassette] ProcessComplete Cassette Queue Qty :[0]
2025/05/30, 20:44:40:3341 - [MES]Remove Cassette!>>>>> Port:[3]
2025/05/30, 20:44:40:3341 - [RemoveCassette] Remove Port:[3], Lot:[506-MM032H0Y-039], CstNo:[L02222]
2025/05/30, 20:44:40:3341 - [RemoveCassette] All Cassette Queue Qty :[1]
2025/05/30, 20:44:40:3341 - [RemoveCassette] WaitProcess Cassette Queue Qty :[1]
2025/05/30, 20:44:40:3341 - [RemoveCassette] Current Cassatte Status :[NULL]
2025/05/30, 20:44:40:3341 - [RemoveCassette] Current Wafer Index :[-1]
2025/05/30, 20:44:40:3341 - [RemoveCassette] ProcessComplete Cassette Queue Qty :[0]
2025/05/30, 21:14:13:8845 - [MES]Remove Cassette!>>>>> Port:[1]
2025/05/30, 21:14:13:8845 - [RemoveCassette] All Cassette Queue Qty :[1]
2025/05/30, 21:14:13:8845 - [RemoveCassette] WaitProcess Cassette Queue Qty :[1]
2025/05/30, 21:14:13:8845 - [RemoveCassette] Current Cassatte Status :[NULL]
2025/05/30, 21:14:13:8845 - [RemoveCassette] Current Wafer Index :[-1]
2025/05/30, 21:14:13:8845 - [RemoveCassette] ProcessComplete Cassette Queue Qty :[0]
2025/05/30, 21:14:15:0903 - [MES]>>>>> LoadCassette! CassetteNo:L01722, Lot:506-MM032H0Y-040, Port:1, Qty:25
2025/05/30, 21:14:15:0903 - [AddNewCassatte] All Cassette Queue Qty :[2]
2025/05/30, 21:14:15:0903 - [AddNewCassatte] WaitProcess Cassette Queue Qty :[1]
2025/05/30, 21:14:15:0903 - [AddNewCassatte] Current Cassatte Status :[L03382, Qty=[20], Port=[4]]
2025/05/30, 21:14:15:0903 - [AddNewCassatte] Current Wafer Index :[-1]
2025/05/30, 21:14:15:0903 - [AddNewCassatte] ProcessComplete Cassette Queue Qty :[0]
2025/05/30, 21:14:17:5023 - [MES]Remove Cassette!>>>>> Port:[2]
2025/05/30, 21:14:17:5023 - [RemoveCassette] All Cassette Queue Qty :[2]
2025/05/30, 21:14:17:5023 - [RemoveCassette] WaitProcess Cassette Queue Qty :[1]
2025/05/30, 21:14:17:5023 - [RemoveCassette] Current Cassatte Status :[L03382, Qty=[20], Port=[4]]
2025/05/30, 21:14:17:5023 - [RemoveCassette] Current Wafer Index :[-1]
2025/05/30, 21:14:17:5023 - [RemoveCassette] ProcessComplete Cassette Queue Qty :[0]
2025/05/30, 21:14:18:4068 - [MES]>>>>> LoadCassette! CassetteNo:L05632, Lot:506-MM032H0Y-040, Port:2, Qty:20
2025/05/30, 21:14:18:4068 - [AddNewCassatte] All Cassette Queue Qty :[3]
2025/05/30, 21:14:18:4068 - [AddNewCassatte] WaitProcess Cassette Queue Qty :[2]
2025/05/30, 21:14:18:4068 - [AddNewCassatte] Current Cassatte Status :[L03382, Qty=[20], Port=[4]]
2025/05/30, 21:14:18:4068 - [AddNewCassatte] Current Wafer Index :[-1]
2025/05/30, 21:14:18:4068 - [AddNewCassatte] ProcessComplete Cassette Queue Qty :[0]
2025/05/30, 21:14:54:5822 - [MES]Remove Cassette!>>>>> Port:[4]
2025/05/30, 21:14:54:5822 - [RemoveCassette] Remove Port:[4], Lot:[506-MM032H0Y-039], CstNo:[L03382]
2025/05/30, 21:14:54:5822 - [RemoveCassette] All Cassette Queue Qty :[2]
2025/05/30, 21:14:54:5822 - [RemoveCassette] WaitProcess Cassette Queue Qty :[2]
2025/05/30, 21:14:54:5822 - [RemoveCassette] Current Cassatte Status :[NULL]
2025/05/30, 21:14:54:5822 - [RemoveCassette] Current Wafer Index :[-1]
2025/05/30, 21:14:54:5822 - [RemoveCassette] ProcessComplete Cassette Queue Qty :[0]
2025/05/30, 22:40:26:4481 - [MES]Remove Cassette!>>>>> Port:[1]
2025/05/30, 22:40:26:4481 - [RemoveCassette] Remove Port:[1], Lot:[506-MM032H0Y-040], CstNo:[L01722]
2025/05/30, 22:40:26:4481 - [RemoveCassette] All Cassette Queue Qty :[1]
2025/05/30, 22:40:26:4481 - [RemoveCassette] WaitProcess Cassette Queue Qty :[1]
2025/05/30, 22:40:26:4481 - [RemoveCassette] Current Cassatte Status :[NULL]
2025/05/30, 22:40:26:4481 - [RemoveCassette] Current Wafer Index :[-1]
2025/05/30, 22:40:26:4481 - [RemoveCassette] ProcessComplete Cassette Queue Qty :[0]
2025/05/30, 22:52:00:7337 - [MES]Remove Cassette!>>>>> Port:[3]
2025/05/30, 22:52:00:7337 - [RemoveCassette] All Cassette Queue Qty :[1]
2025/05/30, 22:52:00:7337 - [RemoveCassette] WaitProcess Cassette Queue Qty :[1]
2025/05/30, 22:52:00:7337 - [RemoveCassette] Current Cassatte Status :[NULL]
2025/05/30, 22:52:00:7337 - [RemoveCassette] Current Wafer Index :[-1]
2025/05/30, 22:52:00:7337 - [RemoveCassette] ProcessComplete Cassette Queue Qty :[0]
2025/05/30, 22:52:01:6382 - [MES]>>>>> LoadCassette! CassetteNo:L08182, Lot:506-MM032H0Y-041, Port:3, Qty:25
2025/05/30, 22:52:01:6382 - [AddNewCassatte] All Cassette Queue Qty :[2]
2025/05/30, 22:52:01:6382 - [AddNewCassatte] WaitProcess Cassette Queue Qty :[1]
2025/05/30, 22:52:01:6382 - [AddNewCassatte] Current Cassatte Status :[L05632, Qty=[20], Port=[2]]
2025/05/30, 22:52:01:6382 - [AddNewCassatte] Current Wafer Index :[-1]
2025/05/30, 22:52:01:6382 - [AddNewCassatte] ProcessComplete Cassette Queue Qty :[0]
2025/05/30, 22:52:04:3518 - [MES]Remove Cassette!>>>>> Port:[4]
2025/05/30, 22:52:04:3518 - [RemoveCassette] All Cassette Queue Qty :[2]
2025/05/30, 22:52:04:3518 - [RemoveCassette] WaitProcess Cassette Queue Qty :[1]
2025/05/30, 22:52:04:3518 - [RemoveCassette] Current Cassatte Status :[L05632, Qty=[20], Port=[2]]
2025/05/30, 22:52:04:3518 - [RemoveCassette] Current Wafer Index :[-1]
2025/05/30, 22:52:04:3518 - [RemoveCassette] ProcessComplete Cassette Queue Qty :[0]
2025/05/30, 22:52:05:5578 - [MES]>>>>> LoadCassette! CassetteNo:L06352, Lot:506-MM032H0Y-041, Port:4, Qty:20
2025/05/30, 22:52:05:5578 - [AddNewCassatte] All Cassette Queue Qty :[3]
2025/05/30, 22:52:05:5578 - [AddNewCassatte] WaitProcess Cassette Queue Qty :[2]
2025/05/30, 22:52:05:5578 - [AddNewCassatte] Current Cassatte Status :[L05632, Qty=[20], Port=[2]]
2025/05/30, 22:52:05:5578 - [AddNewCassatte] Current Wafer Index :[-1]
2025/05/30, 22:52:05:5578 - [AddNewCassatte] ProcessComplete Cassette Queue Qty :[0]
2025/05/30, 22:52:10:9841 - [MES]Remove Cassette!>>>>> Port:[2]
2025/05/30, 22:52:10:9841 - [RemoveCassette] Remove Port:[2], Lot:[506-MM032H0Y-040], CstNo:[L05632]
2025/05/30, 22:52:10:9841 - [RemoveCassette] All Cassette Queue Qty :[2]
2025/05/30, 22:52:10:9841 - [RemoveCassette] WaitProcess Cassette Queue Qty :[2]
2025/05/30, 22:52:10:9841 - [RemoveCassette] Current Cassatte Status :[NULL]
2025/05/30, 22:52:10:9841 - [RemoveCassette] Current Wafer Index :[-1]
2025/05/30, 22:52:10:9841 - [RemoveCassette] ProcessComplete Cassette Queue Qty :[0]
2025/05/30, 23:50:38:5251 - [MES]Remove Cassette!>>>>> Port:[3]
2025/05/30, 23:50:38:5251 - [RemoveCassette] Remove Port:[3], Lot:[506-MM032H0Y-041], CstNo:[L08182]
2025/05/30, 23:50:38:5251 - [RemoveCassette] All Cassette Queue Qty :[1]
2025/05/30, 23:50:38:5251 - [RemoveCassette] WaitProcess Cassette Queue Qty :[1]
2025/05/30, 23:50:38:5251 - [RemoveCassette] Current Cassatte Status :[NULL]
2025/05/30, 23:50:38:5251 - [RemoveCassette] Current Wafer Index :[-1]
2025/05/30, 23:50:38:5251 - [RemoveCassette] ProcessComplete Cassette Queue Qty :[0]
Data write Date is not same as File Date. Close file and Open a new file.
===============   LOG END - 2025.05.31 00:29:59:3435 ===============
