=============== LOG START - 2025.05.29 00:37:02:0655 ===============
2025/05/29, 00:37:02:0555 - [MES]Remove Cassette!>>>>> Port:[1]
2025/05/29, 00:37:02:0555 - [RemoveCassette] Remove Port:[1], Lot:[506-MM032H0Y-019], CstNo:[L02502]
2025/05/29, 00:37:02:0555 - [RemoveCassette] All Cassette Queue Qty :[1]
2025/05/29, 00:37:02:0555 - [RemoveCassette] WaitProcess Cassette Queue Qty :[1]
2025/05/29, 00:37:02:0555 - [RemoveCassette] Current Cassatte Status :[NULL]
2025/05/29, 00:37:02:0555 - [RemoveCassette] Current Wafer Index :[-1]
2025/05/29, 00:37:02:0555 - [RemoveCassette] ProcessComplete Cassette Queue Qty :[0]
2025/05/29, 00:42:48:7546 - [MES]Remove Cassette!>>>>> Port:[2]
2025/05/29, 00:42:48:7546 - [RemoveCassette] Remove Port:[2], Lot:[506-MM032H0Y-019], CstNo:[L03642]
2025/05/29, 00:42:48:7546 - [RemoveCassette] All Cassette Queue Qty :[0]
2025/05/29, 00:42:48:7546 - [RemoveCassette] WaitProcess Cassette Queue Qty :[0]
2025/05/29, 00:42:48:7546 - [RemoveCassette] Current Cassatte Status :[NULL]
2025/05/29, 00:42:48:7546 - [RemoveCassette] Current Wafer Index :[-1]
2025/05/29, 00:42:48:7546 - [RemoveCassette] ProcessComplete Cassette Queue Qty :[0]
2025/05/29, 00:43:32:7706 - [MES]Remove Cassette!>>>>> Port:[3]
2025/05/29, 00:43:32:7706 - [RemoveCassette] All Cassette Queue Qty :[0]
2025/05/29, 00:43:32:7706 - [RemoveCassette] WaitProcess Cassette Queue Qty :[0]
2025/05/29, 00:43:32:7706 - [RemoveCassette] Current Cassatte Status :[NULL]
2025/05/29, 00:43:32:7706 - [RemoveCassette] Current Wafer Index :[-1]
2025/05/29, 00:43:32:7706 - [RemoveCassette] ProcessComplete Cassette Queue Qty :[0]
2025/05/29, 00:43:33:9766 - [MES]>>>>> LoadCassette! CassetteNo:L03222, Lot:506-MM032H0Y-021, Port:3, Qty:25
2025/05/29, 00:43:33:9766 - [AddNewCassatte] All Cassette Queue Qty :[1]
2025/05/29, 00:43:33:9766 - [AddNewCassatte] WaitProcess Cassette Queue Qty :[0]
2025/05/29, 00:43:33:9766 - [AddNewCassatte] Current Cassatte Status :[L03222, Qty=[25], Port=[3]]
2025/05/29, 00:43:33:9766 - [AddNewCassatte] Current Wafer Index :[-1]
2025/05/29, 00:43:33:9766 - [AddNewCassatte] ProcessComplete Cassette Queue Qty :[0]
2025/05/29, 00:43:37:2929 - [MES]Remove Cassette!>>>>> Port:[4]
2025/05/29, 00:43:37:2929 - [RemoveCassette] All Cassette Queue Qty :[1]
2025/05/29, 00:43:37:2929 - [RemoveCassette] WaitProcess Cassette Queue Qty :[0]
2025/05/29, 00:43:37:2929 - [RemoveCassette] Current Cassatte Status :[L03222, Qty=[25], Port=[3]]
2025/05/29, 00:43:37:2929 - [RemoveCassette] Current Wafer Index :[-1]
2025/05/29, 00:43:37:2929 - [RemoveCassette] ProcessComplete Cassette Queue Qty :[0]
2025/05/29, 00:43:38:1974 - [MES]>>>>> LoadCassette! CassetteNo:L06842, Lot:506-MM032H0Y-021, Port:4, Qty:20
2025/05/29, 00:43:38:1974 - [AddNewCassatte] All Cassette Queue Qty :[2]
2025/05/29, 00:43:38:1974 - [AddNewCassatte] WaitProcess Cassette Queue Qty :[1]
2025/05/29, 00:43:38:1974 - [AddNewCassatte] Current Cassatte Status :[L03222, Qty=[25], Port=[3]]
2025/05/29, 00:43:38:1974 - [AddNewCassatte] Current Wafer Index :[-1]
2025/05/29, 00:43:38:1974 - [AddNewCassatte] ProcessComplete Cassette Queue Qty :[0]
2025/05/29, 02:04:56:0608 - [MES]Remove Cassette!>>>>> Port:[3]
2025/05/29, 02:04:56:0608 - [RemoveCassette] Remove Port:[3], Lot:[506-MM032H0Y-021], CstNo:[L03222]
2025/05/29, 02:04:56:0608 - [RemoveCassette] All Cassette Queue Qty :[1]
2025/05/29, 02:04:56:0608 - [RemoveCassette] WaitProcess Cassette Queue Qty :[1]
2025/05/29, 02:04:56:0608 - [RemoveCassette] Current Cassatte Status :[NULL]
2025/05/29, 02:04:56:0608 - [RemoveCassette] Current Wafer Index :[-1]
2025/05/29, 02:04:56:0608 - [RemoveCassette] ProcessComplete Cassette Queue Qty :[0]
2025/05/29, 02:35:14:8438 - [MES]Remove Cassette!>>>>> Port:[4]
2025/05/29, 02:35:14:8438 - [RemoveCassette] Remove Port:[4], Lot:[506-MM032H0Y-021], CstNo:[L06842]
2025/05/29, 02:35:14:8438 - [RemoveCassette] All Cassette Queue Qty :[0]
2025/05/29, 02:35:14:8438 - [RemoveCassette] WaitProcess Cassette Queue Qty :[0]
2025/05/29, 02:35:14:8438 - [RemoveCassette] Current Cassatte Status :[NULL]
2025/05/29, 02:35:14:8438 - [RemoveCassette] Current Wafer Index :[-1]
2025/05/29, 02:35:14:8438 - [RemoveCassette] ProcessComplete Cassette Queue Qty :[0]
2025/05/29, 02:35:50:1132 - [MES]Remove Cassette!>>>>> Port:[1]
2025/05/29, 02:35:50:1132 - [RemoveCassette] All Cassette Queue Qty :[0]
2025/05/29, 02:35:50:1132 - [RemoveCassette] WaitProcess Cassette Queue Qty :[0]
2025/05/29, 02:35:50:1132 - [RemoveCassette] Current Cassatte Status :[NULL]
2025/05/29, 02:35:50:1132 - [RemoveCassette] Current Wafer Index :[-1]
2025/05/29, 02:35:50:1132 - [RemoveCassette] ProcessComplete Cassette Queue Qty :[0]
2025/05/29, 02:35:51:3192 - [MES]>>>>> LoadCassette! CassetteNo:L01642, Lot:506-MM032H0Y-022, Port:1, Qty:25
2025/05/29, 02:35:51:3192 - [AddNewCassatte] All Cassette Queue Qty :[1]
2025/05/29, 02:35:51:3192 - [AddNewCassatte] WaitProcess Cassette Queue Qty :[0]
2025/05/29, 02:35:51:3192 - [AddNewCassatte] Current Cassatte Status :[L01642, Qty=[25], Port=[1]]
2025/05/29, 02:35:51:3192 - [AddNewCassatte] Current Wafer Index :[-1]
2025/05/29, 02:35:51:3192 - [AddNewCassatte] ProcessComplete Cassette Queue Qty :[0]
2025/05/29, 02:35:54:3328 - [MES]Remove Cassette!>>>>> Port:[2]
2025/05/29, 02:35:54:3328 - [RemoveCassette] All Cassette Queue Qty :[1]
2025/05/29, 02:35:54:3328 - [RemoveCassette] WaitProcess Cassette Queue Qty :[0]
2025/05/29, 02:35:54:3328 - [RemoveCassette] Current Cassatte Status :[L01642, Qty=[25], Port=[1]]
2025/05/29, 02:35:54:3328 - [RemoveCassette] Current Wafer Index :[-1]
2025/05/29, 02:35:54:3328 - [RemoveCassette] ProcessComplete Cassette Queue Qty :[0]
2025/05/29, 02:35:55:5388 - [MES]>>>>> LoadCassette! CassetteNo:L04862, Lot:506-MM032H0Y-022, Port:2, Qty:20
2025/05/29, 02:35:55:5388 - [AddNewCassatte] All Cassette Queue Qty :[2]
2025/05/29, 02:35:55:5388 - [AddNewCassatte] WaitProcess Cassette Queue Qty :[1]
2025/05/29, 02:35:55:5388 - [AddNewCassatte] Current Cassatte Status :[L01642, Qty=[25], Port=[1]]
2025/05/29, 02:35:55:5388 - [AddNewCassatte] Current Wafer Index :[-1]
2025/05/29, 02:35:55:5388 - [AddNewCassatte] ProcessComplete Cassette Queue Qty :[0]
2025/05/29, 03:37:23:6939 - [MES]Remove Cassette!>>>>> Port:[1]
2025/05/29, 03:37:23:6939 - [RemoveCassette] Remove Port:[1], Lot:[506-MM032H0Y-022], CstNo:[L01642]
2025/05/29, 03:37:23:6939 - [RemoveCassette] All Cassette Queue Qty :[1]
2025/05/29, 03:37:23:6939 - [RemoveCassette] WaitProcess Cassette Queue Qty :[1]
2025/05/29, 03:37:23:6939 - [RemoveCassette] Current Cassatte Status :[NULL]
2025/05/29, 03:37:23:6939 - [RemoveCassette] Current Wafer Index :[-1]
2025/05/29, 03:37:23:6939 - [RemoveCassette] ProcessComplete Cassette Queue Qty :[0]
2025/05/29, 04:35:22:0185 - [MES]Remove Cassette!>>>>> Port:[2]
2025/05/29, 04:35:22:0185 - [RemoveCassette] Remove Port:[2], Lot:[506-MM032H0Y-022], CstNo:[L04862]
2025/05/29, 04:35:22:0185 - [RemoveCassette] All Cassette Queue Qty :[0]
2025/05/29, 04:35:22:0185 - [RemoveCassette] WaitProcess Cassette Queue Qty :[0]
2025/05/29, 04:35:22:0185 - [RemoveCassette] Current Cassatte Status :[NULL]
2025/05/29, 04:35:22:0185 - [RemoveCassette] Current Wafer Index :[-1]
2025/05/29, 04:35:22:0185 - [RemoveCassette] ProcessComplete Cassette Queue Qty :[0]
2025/05/29, 04:36:00:0038 - [MES]Remove Cassette!>>>>> Port:[3]
2025/05/29, 04:36:00:0038 - [RemoveCassette] All Cassette Queue Qty :[0]
2025/05/29, 04:36:00:0038 - [RemoveCassette] WaitProcess Cassette Queue Qty :[0]
2025/05/29, 04:36:00:0038 - [RemoveCassette] Current Cassatte Status :[NULL]
2025/05/29, 04:36:00:0038 - [RemoveCassette] Current Wafer Index :[-1]
2025/05/29, 04:36:00:0038 - [RemoveCassette] ProcessComplete Cassette Queue Qty :[0]
2025/05/29, 04:36:01:2098 - [MES]>>>>> LoadCassette! CassetteNo:L00172, Lot:506-MM032H0Y-023, Port:3, Qty:25
2025/05/29, 04:36:01:2098 - [AddNewCassatte] All Cassette Queue Qty :[1]
2025/05/29, 04:36:01:2098 - [AddNewCassatte] WaitProcess Cassette Queue Qty :[0]
2025/05/29, 04:36:01:2098 - [AddNewCassatte] Current Cassatte Status :[L00172, Qty=[25], Port=[3]]
2025/05/29, 04:36:01:2098 - [AddNewCassatte] Current Wafer Index :[-1]
2025/05/29, 04:36:01:2098 - [AddNewCassatte] ProcessComplete Cassette Queue Qty :[0]
2025/05/29, 04:36:03:9233 - [MES]Remove Cassette!>>>>> Port:[4]
2025/05/29, 04:36:03:9233 - [RemoveCassette] All Cassette Queue Qty :[1]
2025/05/29, 04:36:03:9233 - [RemoveCassette] WaitProcess Cassette Queue Qty :[0]
2025/05/29, 04:36:03:9233 - [RemoveCassette] Current Cassatte Status :[L00172, Qty=[25], Port=[3]]
2025/05/29, 04:36:03:9233 - [RemoveCassette] Current Wafer Index :[-1]
2025/05/29, 04:36:03:9233 - [RemoveCassette] ProcessComplete Cassette Queue Qty :[0]
2025/05/29, 04:36:05:1293 - [MES]>>>>> LoadCassette! CassetteNo:L06422, Lot:506-MM032H0Y-023, Port:4, Qty:20
2025/05/29, 04:36:05:1293 - [AddNewCassatte] All Cassette Queue Qty :[2]
2025/05/29, 04:36:05:1293 - [AddNewCassatte] WaitProcess Cassette Queue Qty :[1]
2025/05/29, 04:36:05:1293 - [AddNewCassatte] Current Cassatte Status :[L00172, Qty=[25], Port=[3]]
2025/05/29, 04:36:05:1293 - [AddNewCassatte] Current Wafer Index :[-1]
2025/05/29, 04:36:05:1293 - [AddNewCassatte] ProcessComplete Cassette Queue Qty :[0]
2025/05/29, 06:01:58:4389 - [MES]Remove Cassette!>>>>> Port:[3]
2025/05/29, 06:01:58:4389 - [RemoveCassette] Remove Port:[3], Lot:[506-MM032H0Y-023], CstNo:[L00172]
2025/05/29, 06:01:58:4389 - [RemoveCassette] All Cassette Queue Qty :[1]
2025/05/29, 06:01:58:4389 - [RemoveCassette] WaitProcess Cassette Queue Qty :[1]
2025/05/29, 06:01:58:4389 - [RemoveCassette] Current Cassatte Status :[NULL]
2025/05/29, 06:01:58:4389 - [RemoveCassette] Current Wafer Index :[-1]
2025/05/29, 06:01:58:4389 - [RemoveCassette] ProcessComplete Cassette Queue Qty :[0]
2025/05/29, 06:40:37:9152 - [MES]Remove Cassette!>>>>> Port:[1]
2025/05/29, 06:40:37:9152 - [RemoveCassette] All Cassette Queue Qty :[1]
2025/05/29, 06:40:37:9152 - [RemoveCassette] WaitProcess Cassette Queue Qty :[1]
2025/05/29, 06:40:37:9152 - [RemoveCassette] Current Cassatte Status :[NULL]
2025/05/29, 06:40:37:9152 - [RemoveCassette] Current Wafer Index :[-1]
2025/05/29, 06:40:37:9152 - [RemoveCassette] ProcessComplete Cassette Queue Qty :[0]
2025/05/29, 06:40:39:1208 - [MES]>>>>> LoadCassette! CassetteNo:L01752, Lot:506-MM032H0Y-024, Port:1, Qty:25
2025/05/29, 06:40:39:1208 - [AddNewCassatte] All Cassette Queue Qty :[2]
2025/05/29, 06:40:39:1208 - [AddNewCassatte] WaitProcess Cassette Queue Qty :[1]
2025/05/29, 06:40:39:1208 - [AddNewCassatte] Current Cassatte Status :[L06422, Qty=[20], Port=[4]]
2025/05/29, 06:40:39:1208 - [AddNewCassatte] Current Wafer Index :[-1]
2025/05/29, 06:40:39:1208 - [AddNewCassatte] ProcessComplete Cassette Queue Qty :[0]
2025/05/29, 06:40:42:1359 - [MES]Remove Cassette!>>>>> Port:[2]
2025/05/29, 06:40:42:1359 - [RemoveCassette] All Cassette Queue Qty :[2]
2025/05/29, 06:40:42:1359 - [RemoveCassette] WaitProcess Cassette Queue Qty :[1]
2025/05/29, 06:40:42:1359 - [RemoveCassette] Current Cassatte Status :[L06422, Qty=[20], Port=[4]]
2025/05/29, 06:40:42:1359 - [RemoveCassette] Current Wafer Index :[-1]
2025/05/29, 06:40:42:1359 - [RemoveCassette] ProcessComplete Cassette Queue Qty :[0]
2025/05/29, 06:40:43:0389 - [MES]>>>>> LoadCassette! CassetteNo:L04612, Lot:506-MM032H0Y-024, Port:2, Qty:20
2025/05/29, 06:40:43:0389 - [AddNewCassatte] All Cassette Queue Qty :[3]
2025/05/29, 06:40:43:0389 - [AddNewCassatte] WaitProcess Cassette Queue Qty :[2]
2025/05/29, 06:40:43:0389 - [AddNewCassatte] Current Cassatte Status :[L06422, Qty=[20], Port=[4]]
2025/05/29, 06:40:43:0389 - [AddNewCassatte] Current Wafer Index :[-1]
2025/05/29, 06:40:43:0389 - [AddNewCassatte] ProcessComplete Cassette Queue Qty :[0]
2025/05/29, 06:41:05:9506 - [MES]Remove Cassette!>>>>> Port:[4]
2025/05/29, 06:41:05:9506 - [RemoveCassette] Remove Port:[4], Lot:[506-MM032H0Y-023], CstNo:[L06422]
2025/05/29, 06:41:05:9506 - [RemoveCassette] All Cassette Queue Qty :[2]
2025/05/29, 06:41:05:9506 - [RemoveCassette] WaitProcess Cassette Queue Qty :[2]
2025/05/29, 06:41:05:9506 - [RemoveCassette] Current Cassatte Status :[NULL]
2025/05/29, 06:41:05:9506 - [RemoveCassette] Current Wafer Index :[-1]
2025/05/29, 06:41:05:9506 - [RemoveCassette] ProcessComplete Cassette Queue Qty :[0]
2025/05/29, 07:52:53:9339 - [MES]Remove Cassette!>>>>> Port:[1]
2025/05/29, 07:52:53:9339 - [RemoveCassette] Remove Port:[1], Lot:[506-MM032H0Y-024], CstNo:[L01752]
2025/05/29, 07:52:53:9339 - [RemoveCassette] All Cassette Queue Qty :[1]
2025/05/29, 07:52:53:9339 - [RemoveCassette] WaitProcess Cassette Queue Qty :[1]
2025/05/29, 07:52:53:9339 - [RemoveCassette] Current Cassatte Status :[NULL]
2025/05/29, 07:52:53:9339 - [RemoveCassette] Current Wafer Index :[-1]
2025/05/29, 07:52:53:9339 - [RemoveCassette] ProcessComplete Cassette Queue Qty :[0]
2025/05/29, 08:20:42:5908 - [MES]Remove Cassette!>>>>> Port:[2]
2025/05/29, 08:20:42:5908 - [RemoveCassette] Remove Port:[2], Lot:[506-MM032H0Y-024], CstNo:[L04612]
2025/05/29, 08:20:42:5908 - [RemoveCassette] All Cassette Queue Qty :[0]
2025/05/29, 08:20:42:5908 - [RemoveCassette] WaitProcess Cassette Queue Qty :[0]
2025/05/29, 08:20:42:5908 - [RemoveCassette] Current Cassatte Status :[NULL]
2025/05/29, 08:20:42:5908 - [RemoveCassette] Current Wafer Index :[-1]
2025/05/29, 08:20:42:5908 - [RemoveCassette] ProcessComplete Cassette Queue Qty :[0]
2025/05/29, 08:48:55:3564 - [MES]Remove Cassette!>>>>> Port:[3]
2025/05/29, 08:48:55:3564 - [RemoveCassette] All Cassette Queue Qty :[0]
2025/05/29, 08:48:55:3564 - [RemoveCassette] WaitProcess Cassette Queue Qty :[0]
2025/05/29, 08:48:55:3564 - [RemoveCassette] Current Cassatte Status :[NULL]
2025/05/29, 08:48:55:3564 - [RemoveCassette] Current Wafer Index :[-1]
2025/05/29, 08:48:55:3564 - [RemoveCassette] ProcessComplete Cassette Queue Qty :[0]
2025/05/29, 08:48:56:5624 - [MES]>>>>> LoadCassette! CassetteNo:L05362, Lot:506-MM032H0Y-025, Port:3, Qty:25
2025/05/29, 08:48:56:5624 - [AddNewCassatte] All Cassette Queue Qty :[1]
2025/05/29, 08:48:56:5624 - [AddNewCassatte] WaitProcess Cassette Queue Qty :[0]
2025/05/29, 08:48:56:5624 - [AddNewCassatte] Current Cassatte Status :[L05362, Qty=[25], Port=[3]]
2025/05/29, 08:48:56:5624 - [AddNewCassatte] Current Wafer Index :[-1]
2025/05/29, 08:48:56:5624 - [AddNewCassatte] ProcessComplete Cassette Queue Qty :[0]
2025/05/29, 08:48:59:2760 - [MES]Remove Cassette!>>>>> Port:[4]
2025/05/29, 08:48:59:2760 - [RemoveCassette] All Cassette Queue Qty :[1]
2025/05/29, 08:48:59:2760 - [RemoveCassette] WaitProcess Cassette Queue Qty :[0]
2025/05/29, 08:48:59:2760 - [RemoveCassette] Current Cassatte Status :[L05362, Qty=[25], Port=[3]]
2025/05/29, 08:48:59:2760 - [RemoveCassette] Current Wafer Index :[-1]
2025/05/29, 08:48:59:2760 - [RemoveCassette] ProcessComplete Cassette Queue Qty :[0]
2025/05/29, 08:49:00:4820 - [MES]>>>>> LoadCassette! CassetteNo:L06532, Lot:506-MM032H0Y-025, Port:4, Qty:20
2025/05/29, 08:49:00:4820 - [AddNewCassatte] All Cassette Queue Qty :[2]
2025/05/29, 08:49:00:4820 - [AddNewCassatte] WaitProcess Cassette Queue Qty :[1]
2025/05/29, 08:49:00:4820 - [AddNewCassatte] Current Cassatte Status :[L05362, Qty=[25], Port=[3]]
2025/05/29, 08:49:00:4820 - [AddNewCassatte] Current Wafer Index :[-1]
2025/05/29, 08:49:00:4820 - [AddNewCassatte] ProcessComplete Cassette Queue Qty :[0]
2025/05/29, 09:48:14:2584 - [MES]Remove Cassette!>>>>> Port:[3]
2025/05/29, 09:48:14:2584 - [RemoveCassette] Remove Port:[3], Lot:[506-MM032H0Y-025], CstNo:[L05362]
2025/05/29, 09:48:14:2584 - [RemoveCassette] All Cassette Queue Qty :[1]
2025/05/29, 09:48:14:2584 - [RemoveCassette] WaitProcess Cassette Queue Qty :[1]
2025/05/29, 09:48:14:2584 - [RemoveCassette] Current Cassatte Status :[NULL]
2025/05/29, 09:48:14:2584 - [RemoveCassette] Current Wafer Index :[-1]
2025/05/29, 09:48:14:2584 - [RemoveCassette] ProcessComplete Cassette Queue Qty :[0]
2025/05/29, 10:28:23:8905 - [MES]Remove Cassette!>>>>> Port:[1]
2025/05/29, 10:28:23:8905 - [RemoveCassette] All Cassette Queue Qty :[1]
2025/05/29, 10:28:23:8905 - [RemoveCassette] WaitProcess Cassette Queue Qty :[1]
2025/05/29, 10:28:23:8905 - [RemoveCassette] Current Cassatte Status :[NULL]
2025/05/29, 10:28:23:8905 - [RemoveCassette] Current Wafer Index :[-1]
2025/05/29, 10:28:23:8905 - [RemoveCassette] ProcessComplete Cassette Queue Qty :[0]
2025/05/29, 10:28:24:7949 - [MES]>>>>> LoadCassette! CassetteNo:L02342, Lot:506-MM032H0Y-026, Port:1, Qty:25
2025/05/29, 10:28:24:7949 - [AddNewCassatte] All Cassette Queue Qty :[2]
2025/05/29, 10:28:24:7949 - [AddNewCassatte] WaitProcess Cassette Queue Qty :[1]
2025/05/29, 10:28:24:7949 - [AddNewCassatte] Current Cassatte Status :[L06532, Qty=[20], Port=[4]]
2025/05/29, 10:28:24:7949 - [AddNewCassatte] Current Wafer Index :[-1]
2025/05/29, 10:28:24:7949 - [AddNewCassatte] ProcessComplete Cassette Queue Qty :[0]
2025/05/29, 10:28:30:8250 - [MES]Remove Cassette!>>>>> Port:[2]
2025/05/29, 10:28:30:8250 - [RemoveCassette] All Cassette Queue Qty :[2]
2025/05/29, 10:28:30:8250 - [RemoveCassette] WaitProcess Cassette Queue Qty :[1]
2025/05/29, 10:28:30:8250 - [RemoveCassette] Current Cassatte Status :[L06532, Qty=[20], Port=[4]]
2025/05/29, 10:28:30:8250 - [RemoveCassette] Current Wafer Index :[-1]
2025/05/29, 10:28:30:8250 - [RemoveCassette] ProcessComplete Cassette Queue Qty :[0]
2025/05/29, 10:28:31:7295 - [MES]>>>>> LoadCassette! CassetteNo:L09032, Lot:506-MM032H0Y-026, Port:2, Qty:20
2025/05/29, 10:28:31:7295 - [AddNewCassatte] All Cassette Queue Qty :[3]
2025/05/29, 10:28:31:7295 - [AddNewCassatte] WaitProcess Cassette Queue Qty :[2]
2025/05/29, 10:28:31:7295 - [AddNewCassatte] Current Cassatte Status :[L06532, Qty=[20], Port=[4]]
2025/05/29, 10:28:31:7295 - [AddNewCassatte] Current Wafer Index :[-1]
2025/05/29, 10:28:31:7295 - [AddNewCassatte] ProcessComplete Cassette Queue Qty :[0]
2025/05/29, 10:38:49:7380 - [MES]Remove Cassette!>>>>> Port:[4]
2025/05/29, 10:38:49:7380 - [RemoveCassette] Remove Port:[4], Lot:[506-MM032H0Y-025], CstNo:[L06532]
2025/05/29, 10:38:49:7380 - [RemoveCassette] All Cassette Queue Qty :[2]
2025/05/29, 10:38:49:7380 - [RemoveCassette] WaitProcess Cassette Queue Qty :[2]
2025/05/29, 10:38:49:7380 - [RemoveCassette] Current Cassatte Status :[NULL]
2025/05/29, 10:38:49:7380 - [RemoveCassette] Current Wafer Index :[-1]
2025/05/29, 10:38:49:7380 - [RemoveCassette] ProcessComplete Cassette Queue Qty :[0]
2025/05/29, 10:46:26:1720 - Center Link Ui Start
2025/05/29, 10:46:26:1740 - Link Ui Finished
2025/05/29, 10:46:28:0487 - Form Main Load
2025/05/29, 10:46:28:0547 - Form Main Shown
2025/05/29, 10:46:33:0748 - [MES]Run Online Flow!
2025/05/29, 10:46:33:0788 - [MES]Start Online
2025/05/29, 10:46:33:0808 - [MES]S1F13 DoSendEstablishCommunicationsRequest...
2025/05/29, 10:46:33:3409 - [MES]S1F14 Establish Communications Acknowledge -[Accepted]
2025/05/29, 10:46:33:3429 - [MES]S1F1 Are You There Report...
2025/05/29, 10:46:33:6426 - [MES]S1F2 Online Data Reply
2025/05/29, 10:46:33:6446 - [MES]S2F17 Date and Time Request...
2025/05/29, 10:46:32:0023 - [MES]S2F18 Date and Time Data -[2025052910463200]
2025/05/29, 10:46:32:0043 - [MES]S65F21 EQP Status Change Report -[ON-LINE]-[IDLE]...
2025/05/29, 10:46:32:3034 - [MES]S65F22 EQP Status Change Report Acknowledge
2025/05/29, 10:46:32:3054 - [MES]Online Complete
2025/05/29, 10:46:32:3074 - [MES]Action Done
2025/05/29, 10:46:35:3117 - ====[OFFLINE -> ONLINE]======
2025/05/29, 10:46:35:3147 - [Clear All Cassette] Clear All Cassette Complete
2025/05/29, 10:46:35:3157 - [Button] Button Start
2025/05/29, 10:46:35:3157 - ==[DoStart]==
2025/05/29, 10:46:39:6633 - System Close
2025/05/29, 10:46:39:9814 - [CardDelta] Stop Scan
===============   LOG END - 2025.05.29 10:46:40:2228 ===============
=============== LOG START - 2025.05.29 10:46:44:3316 ===============
2025/05/29, 10:46:44:3336 - Program Create, Version: 1.4.12.30001, AlgorithmVersion: 1.0.10.41204
2025/05/29, 10:46:44:3356 - ==[Center Create Start]==
2025/05/29, 10:46:44:3760 - ==[Center Create Finished]==
2025/05/29, 10:46:44:3760 - Load BootConfig
2025/05/29, 10:46:44:3820 - Load BootConfig Finished
2025/05/29, 10:46:44:5847 - ==[Init Start]==
2025/05/29, 10:46:44:5867 - [CameraEdge] Init Start
2025/05/29, 10:46:44:5867 - [CameraNotch] Init Start
2025/05/29, 10:46:44:5867 - [CardDelta] Init Start
2025/05/29, 10:46:44:5867 - [CameraDiameterTop] Init Start
2025/05/29, 10:46:44:5867 - [CameraDiameterBtm] Init Start
2025/05/29, 10:46:44:5867 - [LighterDiameter] Init Start
2025/05/29, 10:46:44:5867 - [CardDelta] Master Card Open 
2025/05/29, 10:46:44:5867 - [LighterArea] Init Start
2025/05/29, 10:46:44:8167 - [CardDelta] Get Slave Qty 
2025/05/29, 10:46:44:8167 - [CardDelta] Init Finished
2025/05/29, 10:46:44:8741 - [LighterArea] Lighter is Connected
2025/05/29, 10:46:44:8741 - [LighterArea] Init Finished
2025/05/29, 10:46:44:8741 - [LighterDiameter] Lighter is Connected
2025/05/29, 10:46:44:8741 - [LighterDiameter] Init Finished
2025/05/29, 10:46:46:3961 - [CameraNotch] Camera Open
2025/05/29, 10:46:46:3961 - [CameraNotch] Camera Parameter Load, Path:C:\AOI_System\AppWaferInspect\Area2_acA2040-35gm_240306.pfs
2025/05/29, 10:46:46:3961 - [CameraNotch] Init Finished
2025/05/29, 10:46:46:4226 - [CameraEdge] Camera Open
2025/05/29, 10:46:46:4226 - [CameraEdge] Camera Parameter Load, Path:C:\AOI_System\AppWaferInspect\Area1_acA1440-73gm_20240508.pfs
2025/05/29, 10:46:46:4226 - [CameraEdge] Init Finished
2025/05/29, 10:46:47:0137 - [CameraDiameterBtm] Camera Open
2025/05/29, 10:46:47:0137 - [CameraDiameterBtm] Camera Parameter Load, Path:C:\AOI_System\AppWaferInspect\Btm_0430.ccf
2025/05/29, 10:46:47:0137 - [CameraDiameterBtm] Init Finished
2025/05/29, 10:46:47:0636 - [CameraDiameterTop] Camera Open
2025/05/29, 10:46:47:0636 - [CameraDiameterTop] Camera Parameter Load, Path:C:\AOI_System\AppWaferInspect\Top_0503.ccf
2025/05/29, 10:46:47:0636 - [CameraDiameterTop] Init Finished
2025/05/29, 10:46:47:0636 - [CardDelta] Start Scan
2025/05/29, 10:46:47:0636 - MainThread Start
2025/05/29, 10:46:47:0656 - ==[Init Finished]==
2025/05/29, 10:46:47:0656 - Center Link Ui Start
2025/05/29, 10:46:47:0676 - Link Ui Finished
2025/05/29, 10:46:47:1885 - Form Main Load
2025/05/29, 10:46:47:1945 - Form Main Shown
2025/05/29, 10:46:50:9165 - [MES]SecsService Connect!
2025/05/29, 10:46:52:2125 - [MES]Run Online Flow!
2025/05/29, 10:46:52:2165 - [MES]Start Online
2025/05/29, 10:46:52:2185 - [MES]S1F13 DoSendEstablishCommunicationsRequest...
2025/05/29, 10:46:52:4333 - [MES]S1F14 Establish Communications Acknowledge -[Accepted]
2025/05/29, 10:46:52:4353 - [MES]S1F1 Are You There Report...
2025/05/29, 10:46:52:7339 - [MES]S1F2 Online Data Reply
2025/05/29, 10:46:52:7359 - [MES]S2F17 Date and Time Request...
2025/05/29, 10:46:53:0029 - [MES]S2F18 Date and Time Data -[2025052910465300]
2025/05/29, 10:46:53:0049 - [MES]S65F21 EQP Status Change Report -[ON-LINE]-[IDLE]...
2025/05/29, 10:46:53:3030 - [MES]S65F22 EQP Status Change Report Acknowledge
2025/05/29, 10:46:53:3050 - [MES]Online Complete
2025/05/29, 10:46:53:3070 - [MES]Action Done
2025/05/29, 10:46:56:3122 - ====[OFFLINE -> ONLINE]======
2025/05/29, 10:46:56:3162 - [Clear All Cassette] Clear All Cassette Complete
2025/05/29, 10:46:56:3162 - [Button] Button Start
2025/05/29, 10:46:56:3162 - ==[DoStart]==
2025/05/29, 10:46:56:3182 - [MES]S65F21 EQP Status Change Report -[ON-LINE]-[RUN]...
2025/05/29, 10:46:56:3182 - [CardDelta] Compare Set Pos, Pos:0
2025/05/29, 10:46:56:3302 - [============[Error Happend]============]
2025/05/29, 10:46:56:3302 - [==[Error Happend]==] Port =[NULL], Lot =[NULL], CassetteNo =[NULL], Index =[-1], WaferNo =[NULL]
2025/05/29, 10:46:56:3302 - [==[Error Happend]==][Center][流程異常][System.Exception: CS_ECAT_Compare_Set_Channel_Position, Error Code :4352
   於 Wafer_Inline_System.Card_Delta_ECDI.SetComparePos(Int32 Pos) 於 D:\Mick\Wafer_Inline_System1126\Wafer_Inline_System1122\Wafer_Inline_System\Class\Card\ClsCard_Delta_ECDI.cs: 行 595
   於 Wafer_Inline_System.MCenter.MainFlow() 於 D:\Mick\Wafer_Inline_System1126\Wafer_Inline_System1122\Wafer_Inline_System\MCenter.cs: 行 2616][System.Exception: CS_ECAT_Compare_Set_Channel_Position, Error Code :4352
   於 Wafer_Inline_System.Card_Delta_ECDI.SetComparePos(Int32 Pos) 於 D:\Mick\Wafer_Inline_System1126\Wafer_Inline_System1122\Wafer_Inline_System\Class\Card\ClsCard_Delta_ECDI.cs: 行 595
   於 Wafer_Inline_System.MCenter.MainFlow() 於 D:\Mick\Wafer_Inline_System1126\Wafer_Inline_System1122\Wafer_Inline_System\MCenter.cs: 行 2616]
2025/05/29, 10:46:56:3302 - [============[Error Happend]============]
2025/05/29, 10:46:56:3302 - [MES]S65F21 EQP Status Change Report -[ON-LINE]-[DOWN]...
2025/05/29, 10:46:56:4320 - ------------------------------------ [StepIdle] Step Finished ------------------------------------[0ms]
2025/05/29, 10:46:56:4320 - ------------------------------------ [InspectFinished] Step Start ------------------------------------
2025/05/29, 10:46:56:4320 - [InspectFinished] InspectFinished!
2025/05/29, 10:46:56:4320 - [InspectFinished] Tact Time : 0 ms
2025/05/29, 10:46:56:4320 - ========================================[Inspect Finished]========================================
2025/05/29, 10:46:56:4320 - [InspectFinished] Current Result Is NULL.
2025/05/29, 10:46:56:4340 - ------------------------------------ [InspectFinished] Step Finished ------------------------------------[2ms]
2025/05/29, 10:46:56:4340 - ------------------------------------ [CheckNextAction] Step Start ------------------------------------
2025/05/29, 10:46:56:4340 - [CheckNextAction] Check Next Wafer Info
2025/05/29, 10:46:56:4365 - [CheckNextAction] No Next Wafer
2025/05/29, 10:46:56:4365 - [CheckNextAction] Get Wafer Info = null
2025/05/29, 10:46:56:4365 - ------------------------------------ [CheckNextAction] Step Finished ------------------------------------[1ms]
2025/05/29, 10:46:56:4365 - ------------------------------------ [CheckOnlineMode] Step Start ------------------------------------
2025/05/29, 10:46:56:4365 - [CheckOnlineMode] OnlineMode->[OnLine]
2025/05/29, 10:46:56:4365 - ------------------------------------ [CheckOnlineMode] Step Finished ------------------------------------[0ms]
2025/05/29, 10:46:56:4365 - ------------------------------------ [MES_WaitCassatteInfo] Step Start ------------------------------------
2025/05/29, 10:47:05:4093 - ==[DoStop]==
2025/05/29, 10:47:05:4093 - ------------------------------------ [MES_WaitCassatteInfo] Step Finished ------------------------------------[8972ms]
2025/05/29, 10:47:05:4093 - ------------------------------------ [ActionDone] Step Start ------------------------------------
2025/05/29, 10:47:05:4093 - [MES]S65F21 EQP Status Change Report -[ON-LINE]-[IDLE]...
2025/05/29, 10:47:05:4113 - [CardDelta] Compare Set Enable, Channel:0, Enable:False
2025/05/29, 10:47:05:4113 - ------------------------------------ [ActionDone] Step Finished ------------------------------------[1ms]
2025/05/29, 10:47:05:4113 - ------------------------------------ [StepIdle] Step Start ------------------------------------
2025/05/29, 10:47:12:7305 - [MES]Run Online Flow!
2025/05/29, 10:47:12:7345 - [MES]Start Online
2025/05/29, 10:47:12:7365 - [MES]S1F13 DoSendEstablishCommunicationsRequest...
2025/05/29, 10:47:12:8529 - [MES]S1F14 Establish Communications Acknowledge -[Accepted]
2025/05/29, 10:47:12:8549 - [MES]S1F1 Are You There Report...
2025/05/29, 10:47:13:1539 - [MES]S1F2 Online Data Reply
2025/05/29, 10:47:13:1559 - [MES]S2F17 Date and Time Request...
2025/05/29, 10:47:13:0018 - [MES]S2F18 Date and Time Data -[2025052910471300]
2025/05/29, 10:47:13:0038 - [MES]S65F21 EQP Status Change Report -[ON-LINE]-[IDLE]...
2025/05/29, 10:47:13:3024 - [MES]S65F22 EQP Status Change Report Acknowledge
2025/05/29, 10:47:13:3044 - [MES]Online Complete
2025/05/29, 10:47:13:3064 - [MES]Action Done
2025/05/29, 10:47:16:3105 - ====[OFFLINE -> ONLINE]======
2025/05/29, 10:47:16:3105 - [Clear All Cassette] Clear All Cassette Complete
2025/05/29, 10:47:16:3105 - [Button] Button Start
2025/05/29, 10:47:16:3105 - ==[DoStart]==
2025/05/29, 10:47:16:3105 - [MES]S65F21 EQP Status Change Report -[ON-LINE]-[RUN]...
2025/05/29, 10:47:16:3105 - [CardDelta] Compare Set Pos, Pos:0
2025/05/29, 10:47:16:3125 - [============[Error Happend]============]
2025/05/29, 10:47:16:3125 - [==[Error Happend]==] Port =[NULL], Lot =[NULL], CassetteNo =[NULL], Index =[-1], WaferNo =[NULL]
2025/05/29, 10:47:16:3125 - [==[Error Happend]==][Center][流程異常][System.Exception: CS_ECAT_Compare_Set_Channel_Position, Error Code :4352
   於 Wafer_Inline_System.Card_Delta_ECDI.SetComparePos(Int32 Pos) 於 D:\Mick\Wafer_Inline_System1126\Wafer_Inline_System1122\Wafer_Inline_System\Class\Card\ClsCard_Delta_ECDI.cs: 行 595
   於 Wafer_Inline_System.MCenter.MainFlow() 於 D:\Mick\Wafer_Inline_System1126\Wafer_Inline_System1122\Wafer_Inline_System\MCenter.cs: 行 2616][System.Exception: CS_ECAT_Compare_Set_Channel_Position, Error Code :4352
   於 Wafer_Inline_System.Card_Delta_ECDI.SetComparePos(Int32 Pos) 於 D:\Mick\Wafer_Inline_System1126\Wafer_Inline_System1122\Wafer_Inline_System\Class\Card\ClsCard_Delta_ECDI.cs: 行 595
   於 Wafer_Inline_System.MCenter.MainFlow() 於 D:\Mick\Wafer_Inline_System1126\Wafer_Inline_System1122\Wafer_Inline_System\MCenter.cs: 行 2616]
2025/05/29, 10:47:16:3125 - [============[Error Happend]============]
2025/05/29, 10:47:16:3125 - [MES]S65F21 EQP Status Change Report -[ON-LINE]-[DOWN]...
2025/05/29, 10:47:16:4129 - ------------------------------------ [StepIdle] Step Finished ------------------------------------[11453ms]
2025/05/29, 10:47:16:4129 - ------------------------------------ [InspectFinished] Step Start ------------------------------------
2025/05/29, 10:47:16:4129 - [InspectFinished] InspectFinished!
2025/05/29, 10:47:16:4129 - [InspectFinished] Tact Time : 0 ms
2025/05/29, 10:47:16:4129 - ========================================[Inspect Finished]========================================
2025/05/29, 10:47:16:4129 - [InspectFinished] Current Result Is NULL.
2025/05/29, 10:47:16:4129 - ------------------------------------ [InspectFinished] Step Finished ------------------------------------[1ms]
2025/05/29, 10:47:16:4129 - ------------------------------------ [CheckNextAction] Step Start ------------------------------------
2025/05/29, 10:47:16:4129 - [CheckNextAction] Check Next Wafer Info
2025/05/29, 10:47:16:4129 - [CheckNextAction] No Next Wafer
2025/05/29, 10:47:16:4129 - [CheckNextAction] Get Wafer Info = null
2025/05/29, 10:47:16:4129 - ------------------------------------ [CheckNextAction] Step Finished ------------------------------------[0ms]
2025/05/29, 10:47:16:4129 - ------------------------------------ [CheckOnlineMode] Step Start ------------------------------------
2025/05/29, 10:47:16:4129 - [CheckOnlineMode] OnlineMode->[OnLine]
2025/05/29, 10:47:16:4129 - ------------------------------------ [CheckOnlineMode] Step Finished ------------------------------------[0ms]
2025/05/29, 10:47:16:4129 - ------------------------------------ [MES_WaitCassatteInfo] Step Start ------------------------------------
2025/05/29, 10:47:26:7034 - ==[DoStop]==
2025/05/29, 10:47:26:7034 - ------------------------------------ [MES_WaitCassatteInfo] Step Finished ------------------------------------[10290ms]
2025/05/29, 10:47:26:7034 - ------------------------------------ [ActionDone] Step Start ------------------------------------
2025/05/29, 10:47:26:7034 - [MES]S65F21 EQP Status Change Report -[ON-LINE]-[IDLE]...
2025/05/29, 10:47:26:7054 - [CardDelta] Compare Set Enable, Channel:0, Enable:False
2025/05/29, 10:47:26:7054 - ------------------------------------ [ActionDone] Step Finished ------------------------------------[0ms]
2025/05/29, 10:47:26:7054 - ------------------------------------ [StepIdle] Step Start ------------------------------------
2025/05/29, 10:47:27:4634 - [Button] Button Stop
2025/05/29, 10:47:27:4634 - ==[DoStop]==
2025/05/29, 10:47:27:4634 - ------------------------------------ [StepIdle] Step Finished ------------------------------------[758ms]
2025/05/29, 10:47:27:4634 - ------------------------------------ [ActionDone] Step Start ------------------------------------
2025/05/29, 10:47:27:4634 - [CardDelta] Compare Set Enable, Channel:0, Enable:False
2025/05/29, 10:47:27:4654 - ------------------------------------ [ActionDone] Step Finished ------------------------------------[1ms]
2025/05/29, 10:47:27:4654 - ------------------------------------ [StepIdle] Step Start ------------------------------------
2025/05/29, 10:47:27:6022 - [Button] Button Stop
2025/05/29, 10:47:27:6022 - ==[DoStop]==
2025/05/29, 10:47:27:6022 - ------------------------------------ [StepIdle] Step Finished ------------------------------------[137ms]
2025/05/29, 10:47:27:6022 - ------------------------------------ [ActionDone] Step Start ------------------------------------
2025/05/29, 10:47:27:6022 - [CardDelta] Compare Set Enable, Channel:0, Enable:False
2025/05/29, 10:47:27:6022 - ------------------------------------ [ActionDone] Step Finished ------------------------------------[0ms]
2025/05/29, 10:47:27:6022 - ------------------------------------ [StepIdle] Step Start ------------------------------------
2025/05/29, 10:47:34:3770 - [MES]Run Online Flow!
2025/05/29, 10:47:34:3830 - [MES]Start Online
2025/05/29, 10:47:34:3850 - [MES]S1F13 DoSendEstablishCommunicationsRequest...
2025/05/29, 10:47:34:6561 - [MES]S1F14 Establish Communications Acknowledge -[Accepted]
2025/05/29, 10:47:34:6581 - [MES]S1F1 Are You There Report...
2025/05/29, 10:47:34:9566 - [MES]S1F2 Online Data Reply
2025/05/29, 10:47:34:9586 - [MES]S2F17 Date and Time Request...
2025/05/29, 10:47:36:0018 - [MES]S2F18 Date and Time Data -[2025052910473600]
2025/05/29, 10:47:36:0058 - [MES]S65F21 EQP Status Change Report -[ON-LINE]-[IDLE]...
2025/05/29, 10:47:36:3034 - [MES]S65F22 EQP Status Change Report Acknowledge
2025/05/29, 10:47:36:3054 - [MES]Online Complete
2025/05/29, 10:47:36:3074 - [MES]Action Done
2025/05/29, 10:47:39:3095 - ====[OFFLINE -> ONLINE]======
2025/05/29, 10:47:39:3115 - [Clear All Cassette] Clear All Cassette Complete
2025/05/29, 10:47:39:3115 - [Button] Button Start
2025/05/29, 10:47:39:3115 - ==[DoStart]==
2025/05/29, 10:47:39:3115 - [MES]S65F21 EQP Status Change Report -[ON-LINE]-[RUN]...
2025/05/29, 10:47:39:3115 - [CardDelta] Compare Set Pos, Pos:0
2025/05/29, 10:47:39:3135 - [============[Error Happend]============]
2025/05/29, 10:47:39:3135 - [==[Error Happend]==] Port =[NULL], Lot =[NULL], CassetteNo =[NULL], Index =[-1], WaferNo =[NULL]
2025/05/29, 10:47:39:3135 - [==[Error Happend]==][Center][流程異常][System.Exception: CS_ECAT_Compare_Set_Channel_Position, Error Code :4352
   於 Wafer_Inline_System.Card_Delta_ECDI.SetComparePos(Int32 Pos) 於 D:\Mick\Wafer_Inline_System1126\Wafer_Inline_System1122\Wafer_Inline_System\Class\Card\ClsCard_Delta_ECDI.cs: 行 595
   於 Wafer_Inline_System.MCenter.MainFlow() 於 D:\Mick\Wafer_Inline_System1126\Wafer_Inline_System1122\Wafer_Inline_System\MCenter.cs: 行 2616][System.Exception: CS_ECAT_Compare_Set_Channel_Position, Error Code :4352
   於 Wafer_Inline_System.Card_Delta_ECDI.SetComparePos(Int32 Pos) 於 D:\Mick\Wafer_Inline_System1126\Wafer_Inline_System1122\Wafer_Inline_System\Class\Card\ClsCard_Delta_ECDI.cs: 行 595
   於 Wafer_Inline_System.MCenter.MainFlow() 於 D:\Mick\Wafer_Inline_System1126\Wafer_Inline_System1122\Wafer_Inline_System\MCenter.cs: 行 2616]
2025/05/29, 10:47:39:3135 - [============[Error Happend]============]
2025/05/29, 10:47:39:3135 - [MES]S65F21 EQP Status Change Report -[ON-LINE]-[DOWN]...
2025/05/29, 10:47:39:4153 - ------------------------------------ [StepIdle] Step Finished ------------------------------------[11067ms]
2025/05/29, 10:47:39:4153 - ------------------------------------ [InspectFinished] Step Start ------------------------------------
2025/05/29, 10:47:39:4153 - [InspectFinished] InspectFinished!
2025/05/29, 10:47:39:4153 - [InspectFinished] Tact Time : 0 ms
2025/05/29, 10:47:39:4153 - ========================================[Inspect Finished]========================================
2025/05/29, 10:47:39:4153 - [InspectFinished] Current Result Is NULL.
2025/05/29, 10:47:39:4173 - ------------------------------------ [InspectFinished] Step Finished ------------------------------------[1ms]
2025/05/29, 10:47:39:4173 - ------------------------------------ [CheckNextAction] Step Start ------------------------------------
2025/05/29, 10:47:39:4173 - [CheckNextAction] Check Next Wafer Info
2025/05/29, 10:47:39:4173 - [CheckNextAction] No Next Wafer
2025/05/29, 10:47:39:4173 - [CheckNextAction] Get Wafer Info = null
2025/05/29, 10:47:39:4173 - ------------------------------------ [CheckNextAction] Step Finished ------------------------------------[0ms]
2025/05/29, 10:47:39:4173 - ------------------------------------ [CheckOnlineMode] Step Start ------------------------------------
2025/05/29, 10:47:39:4173 - [CheckOnlineMode] OnlineMode->[OnLine]
2025/05/29, 10:47:39:4173 - ------------------------------------ [CheckOnlineMode] Step Finished ------------------------------------[0ms]
2025/05/29, 10:47:39:4173 - ------------------------------------ [MES_WaitCassatteInfo] Step Start ------------------------------------
2025/05/29, 10:47:54:3780 - ==[DoStop]==
2025/05/29, 10:47:54:3780 - ------------------------------------ [MES_WaitCassatteInfo] Step Finished ------------------------------------[14961ms]
2025/05/29, 10:47:54:3780 - ------------------------------------ [ActionDone] Step Start ------------------------------------
2025/05/29, 10:47:54:3780 - [MES]S65F21 EQP Status Change Report -[ON-LINE]-[IDLE]...
2025/05/29, 10:47:54:3780 - [CardDelta] Compare Set Enable, Channel:0, Enable:False
2025/05/29, 10:47:54:3780 - ------------------------------------ [ActionDone] Step Finished ------------------------------------[0ms]
2025/05/29, 10:47:54:3780 - ------------------------------------ [StepIdle] Step Start ------------------------------------
2025/05/29, 10:47:58:1694 - System Close
2025/05/29, 10:47:58:5104 - [CardDelta] Stop Scan
===============   LOG END - 2025.05.29 10:47:58:7511 ===============
=============== LOG START - 2025.05.29 10:48:04:7197 ===============
2025/05/29, 10:48:04:7217 - Program Create, Version: 1.4.12.30001, AlgorithmVersion: 1.0.10.41204
2025/05/29, 10:48:04:7217 - ==[Center Create Start]==
2025/05/29, 10:48:04:7622 - ==[Center Create Finished]==
2025/05/29, 10:48:04:7622 - Load BootConfig
2025/05/29, 10:48:04:7702 - Load BootConfig Finished
2025/05/29, 10:48:04:9724 - ==[Init Start]==
2025/05/29, 10:48:04:9744 - [CameraEdge] Init Start
2025/05/29, 10:48:04:9744 - [CardDelta] Init Start
2025/05/29, 10:48:04:9744 - [CameraNotch] Init Start
2025/05/29, 10:48:04:9744 - [CameraDiameterTop] Init Start
2025/05/29, 10:48:04:9744 - [LighterDiameter] Init Start
2025/05/29, 10:48:04:9744 - [CardDelta] Master Card Open 
2025/05/29, 10:48:04:9744 - [CameraDiameterBtm] Init Start
2025/05/29, 10:48:04:9744 - [LighterArea] Init Start
2025/05/29, 10:48:05:2057 - [CardDelta] Get Slave Qty 
2025/05/29, 10:48:05:2057 - [CardDelta] Init Finished
2025/05/29, 10:48:05:2077 - [LighterArea] Lighter is Connected
2025/05/29, 10:48:05:2077 - [LighterArea] Init Finished
2025/05/29, 10:48:05:2077 - [LighterDiameter] Lighter is Connected
2025/05/29, 10:48:05:2077 - [LighterDiameter] Init Finished
2025/05/29, 10:48:07:0966 - [CameraDiameterTop] Camera Open
2025/05/29, 10:48:07:0966 - [CameraDiameterTop] Camera Parameter Load, Path:C:\AOI_System\AppWaferInspect\Top_0503.ccf
2025/05/29, 10:48:07:0966 - [CameraDiameterTop] Init Finished
2025/05/29, 10:48:07:1501 - [CameraDiameterBtm] Camera Open
2025/05/29, 10:48:07:1501 - [CameraDiameterBtm] Camera Parameter Load, Path:C:\AOI_System\AppWaferInspect\Btm_0430.ccf
2025/05/29, 10:48:07:1501 - [CameraDiameterBtm] Init Finished
2025/05/29, 10:48:07:7457 - [CameraEdge] Camera Open
2025/05/29, 10:48:07:7457 - [CameraEdge] Camera Parameter Load, Path:C:\AOI_System\AppWaferInspect\Area1_acA1440-73gm_20240508.pfs
2025/05/29, 10:48:07:7457 - [CameraEdge] Init Finished
2025/05/29, 10:48:07:9093 - [CameraNotch] Camera Open
2025/05/29, 10:48:07:9093 - [CameraNotch] Camera Parameter Load, Path:C:\AOI_System\AppWaferInspect\Area2_acA2040-35gm_240306.pfs
2025/05/29, 10:48:07:9093 - [CameraNotch] Init Finished
2025/05/29, 10:48:07:9113 - [CardDelta] Start Scan
2025/05/29, 10:48:07:9113 - MainThread Start
2025/05/29, 10:48:07:9113 - ==[Init Finished]==
2025/05/29, 10:48:07:9133 - Center Link Ui Start
2025/05/29, 10:48:07:9133 - Link Ui Finished
2025/05/29, 10:48:08:0321 - Form Main Load
2025/05/29, 10:48:08:0381 - Form Main Shown
2025/05/29, 10:48:09:4412 - [MES]SecsService Connect!
2025/05/29, 10:48:13:0543 - [MES]Run Online Flow!
2025/05/29, 10:48:13:0583 - [MES]Start Online
2025/05/29, 10:48:13:0603 - [MES]S1F13 DoSendEstablishCommunicationsRequest...
2025/05/29, 10:48:13:3638 - [MES]S1F14 Establish Communications Acknowledge -[Accepted]
2025/05/29, 10:48:13:3658 - [MES]S1F1 Are You There Report...
2025/05/29, 10:48:13:6640 - [MES]S1F2 Online Data Reply
2025/05/29, 10:48:13:6665 - [MES]S2F17 Date and Time Request...
2025/05/29, 10:48:14:0031 - [MES]S2F18 Date and Time Data -[2025052910481400]
2025/05/29, 10:48:14:0050 - [MES]S65F21 EQP Status Change Report -[ON-LINE]-[IDLE]...
2025/05/29, 10:48:14:3036 - [MES]S65F22 EQP Status Change Report Acknowledge
2025/05/29, 10:48:14:3056 - [MES]Online Complete
2025/05/29, 10:48:14:3076 - [MES]Action Done
2025/05/29, 10:48:17:3142 - ====[OFFLINE -> ONLINE]======
2025/05/29, 10:48:17:3162 - [Clear All Cassette] Clear All Cassette Complete
2025/05/29, 10:48:17:3162 - [Button] Button Start
2025/05/29, 10:48:17:3182 - ==[DoStart]==
2025/05/29, 10:48:17:3182 - ------------------------------------ [StepIdle] Step Finished ------------------------------------[0ms]
2025/05/29, 10:48:17:3182 - ------------------------------------ [StepStart] Step Start ------------------------------------
2025/05/29, 10:48:17:3182 - [MES]S65F21 EQP Status Change Report -[ON-LINE]-[RUN]...
2025/05/29, 10:48:17:3202 - [CardDelta] Compare Set Pos, Pos:0
2025/05/29, 10:48:17:3267 - [============[Error Happend]============]
2025/05/29, 10:48:17:3267 - [==[Error Happend]==] Port =[NULL], Lot =[NULL], CassetteNo =[NULL], Index =[-1], WaferNo =[NULL]
2025/05/29, 10:48:17:3267 - [==[Error Happend]==][Center][流程異常][System.Exception: CS_ECAT_Compare_Set_Channel_Position, Error Code :4352
   於 Wafer_Inline_System.Card_Delta_ECDI.SetComparePos(Int32 Pos) 於 D:\Mick\Wafer_Inline_System1126\Wafer_Inline_System1122\Wafer_Inline_System\Class\Card\ClsCard_Delta_ECDI.cs: 行 595
   於 Wafer_Inline_System.MCenter.MainFlow() 於 D:\Mick\Wafer_Inline_System1126\Wafer_Inline_System1122\Wafer_Inline_System\MCenter.cs: 行 2616][System.Exception: CS_ECAT_Compare_Set_Channel_Position, Error Code :4352
   於 Wafer_Inline_System.Card_Delta_ECDI.SetComparePos(Int32 Pos) 於 D:\Mick\Wafer_Inline_System1126\Wafer_Inline_System1122\Wafer_Inline_System\Class\Card\ClsCard_Delta_ECDI.cs: 行 595
   於 Wafer_Inline_System.MCenter.MainFlow() 於 D:\Mick\Wafer_Inline_System1126\Wafer_Inline_System1122\Wafer_Inline_System\MCenter.cs: 行 2616]
2025/05/29, 10:48:17:3267 - [============[Error Happend]============]
2025/05/29, 10:48:17:3287 - [MES]S65F21 EQP Status Change Report -[ON-LINE]-[DOWN]...
2025/05/29, 10:48:17:4306 - ------------------------------------ [StepStart] Step Finished ------------------------------------[113ms]
2025/05/29, 10:48:17:4306 - ------------------------------------ [InspectFinished] Step Start ------------------------------------
2025/05/29, 10:48:17:4306 - [InspectFinished] InspectFinished!
2025/05/29, 10:48:17:4306 - [InspectFinished] Tact Time : 0 ms
2025/05/29, 10:48:17:4306 - ========================================[Inspect Finished]========================================
2025/05/29, 10:48:17:4306 - [InspectFinished] Current Result Is NULL.
2025/05/29, 10:48:17:4346 - ------------------------------------ [InspectFinished] Step Finished ------------------------------------[2ms]
2025/05/29, 10:48:17:4346 - ------------------------------------ [CheckNextAction] Step Start ------------------------------------
2025/05/29, 10:48:17:4346 - [CheckNextAction] Check Next Wafer Info
2025/05/29, 10:48:17:4346 - [CheckNextAction] No Next Wafer
2025/05/29, 10:48:17:4346 - [CheckNextAction] Get Wafer Info = null
2025/05/29, 10:48:17:4346 - ------------------------------------ [CheckNextAction] Step Finished ------------------------------------[1ms]
2025/05/29, 10:48:17:4346 - ------------------------------------ [CheckOnlineMode] Step Start ------------------------------------
2025/05/29, 10:48:17:4346 - [CheckOnlineMode] OnlineMode->[OnLine]
2025/05/29, 10:48:17:4346 - ------------------------------------ [CheckOnlineMode] Step Finished ------------------------------------[0ms]
2025/05/29, 10:48:17:4346 - ------------------------------------ [MES_WaitCassatteInfo] Step Start ------------------------------------
2025/05/29, 10:48:36:7932 - ==[DoStop]==
2025/05/29, 10:48:36:7932 - ------------------------------------ [MES_WaitCassatteInfo] Step Finished ------------------------------------[19357ms]
2025/05/29, 10:48:36:7932 - ------------------------------------ [ActionDone] Step Start ------------------------------------
2025/05/29, 10:48:36:7932 - [MES]S65F21 EQP Status Change Report -[ON-LINE]-[IDLE]...
2025/05/29, 10:48:36:7932 - [CardDelta] Compare Set Enable, Channel:0, Enable:False
2025/05/29, 10:48:36:7932 - ------------------------------------ [ActionDone] Step Finished ------------------------------------[1ms]
2025/05/29, 10:48:36:7932 - ------------------------------------ [StepIdle] Step Start ------------------------------------
2025/05/29, 10:55:09:4920 - [Button] Button Start
2025/05/29, 10:55:09:4920 - ==[DoStart]==
2025/05/29, 10:55:09:4920 - [Button] Button Start
2025/05/29, 10:55:09:4920 - ==[DoStart]==
2025/05/29, 10:55:09:4920 - ------------------------------------ [StepIdle] Step Finished ------------------------------------[392698ms]
2025/05/29, 10:55:09:4920 - ------------------------------------ [StepStart] Step Start ------------------------------------
2025/05/29, 10:55:09:4940 - [MES]S65F21 EQP Status Change Report -[ON-LINE]-[RUN]...
2025/05/29, 10:55:09:4940 - [CardDelta] Compare Set Pos, Pos:0
2025/05/29, 10:55:09:4940 - [============[Error Happend]============]
2025/05/29, 10:55:09:4940 - [==[Error Happend]==] Port =[NULL], Lot =[NULL], CassetteNo =[NULL], Index =[-1], WaferNo =[NULL]
2025/05/29, 10:55:09:4940 - [==[Error Happend]==][Center][流程異常][System.Exception: CS_ECAT_Compare_Set_Channel_Position, Error Code :4352
   於 Wafer_Inline_System.Card_Delta_ECDI.SetComparePos(Int32 Pos) 於 D:\Mick\Wafer_Inline_System1126\Wafer_Inline_System1122\Wafer_Inline_System\Class\Card\ClsCard_Delta_ECDI.cs: 行 595
   於 Wafer_Inline_System.MCenter.MainFlow() 於 D:\Mick\Wafer_Inline_System1126\Wafer_Inline_System1122\Wafer_Inline_System\MCenter.cs: 行 2616][System.Exception: CS_ECAT_Compare_Set_Channel_Position, Error Code :4352
   於 Wafer_Inline_System.Card_Delta_ECDI.SetComparePos(Int32 Pos) 於 D:\Mick\Wafer_Inline_System1126\Wafer_Inline_System1122\Wafer_Inline_System\Class\Card\ClsCard_Delta_ECDI.cs: 行 595
   於 Wafer_Inline_System.MCenter.MainFlow() 於 D:\Mick\Wafer_Inline_System1126\Wafer_Inline_System1122\Wafer_Inline_System\MCenter.cs: 行 2616]
2025/05/29, 10:55:09:4940 - [============[Error Happend]============]
2025/05/29, 10:55:09:4940 - [MES]S65F21 EQP Status Change Report -[ON-LINE]-[DOWN]...
2025/05/29, 10:55:09:5968 - ------------------------------------ [StepStart] Step Finished ------------------------------------[102ms]
2025/05/29, 10:55:09:5968 - ------------------------------------ [InspectFinished] Step Start ------------------------------------
2025/05/29, 10:55:09:5968 - [InspectFinished] InspectFinished!
2025/05/29, 10:55:09:5968 - [InspectFinished] Tact Time : 0 ms
2025/05/29, 10:55:09:5968 - ========================================[Inspect Finished]========================================
2025/05/29, 10:55:09:5968 - [InspectFinished] Current Result Is NULL.
2025/05/29, 10:55:09:6008 - ------------------------------------ [InspectFinished] Step Finished ------------------------------------[4ms]
2025/05/29, 10:55:09:6008 - ------------------------------------ [CheckNextAction] Step Start ------------------------------------
2025/05/29, 10:55:09:6008 - [CheckNextAction] Check Next Wafer Info
2025/05/29, 10:55:09:6008 - [CheckNextAction] No Next Wafer
2025/05/29, 10:55:09:6008 - [CheckNextAction] Get Wafer Info = null
2025/05/29, 10:55:09:6008 - ------------------------------------ [CheckNextAction] Step Finished ------------------------------------[0ms]
2025/05/29, 10:55:09:6008 - ------------------------------------ [CheckOnlineMode] Step Start ------------------------------------
2025/05/29, 10:55:09:6008 - [CheckOnlineMode] OnlineMode->[OnLine]
2025/05/29, 10:55:09:6008 - ------------------------------------ [CheckOnlineMode] Step Finished ------------------------------------[0ms]
2025/05/29, 10:55:09:6008 - ------------------------------------ [MES_WaitCassatteInfo] Step Start ------------------------------------
2025/05/29, 10:55:11:2864 - ==[DoStop]==
2025/05/29, 10:55:11:2864 - ------------------------------------ [MES_WaitCassatteInfo] Step Finished ------------------------------------[1686ms]
2025/05/29, 10:55:11:2864 - ------------------------------------ [ActionDone] Step Start ------------------------------------
2025/05/29, 10:55:11:2864 - [MES]S65F21 EQP Status Change Report -[ON-LINE]-[IDLE]...
2025/05/29, 10:55:11:2864 - [CardDelta] Compare Set Enable, Channel:0, Enable:False
2025/05/29, 10:55:11:2864 - ------------------------------------ [ActionDone] Step Finished ------------------------------------[0ms]
2025/05/29, 10:55:11:2864 - ------------------------------------ [StepIdle] Step Start ------------------------------------
2025/05/29, 10:55:11:9335 - [Button] Button Stop
2025/05/29, 10:55:11:9335 - ==[DoStop]==
2025/05/29, 10:55:11:9335 - ------------------------------------ [StepIdle] Step Finished ------------------------------------[646ms]
2025/05/29, 10:55:11:9335 - ------------------------------------ [ActionDone] Step Start ------------------------------------
2025/05/29, 10:55:11:9355 - [CardDelta] Compare Set Enable, Channel:0, Enable:False
2025/05/29, 10:55:11:9355 - ------------------------------------ [ActionDone] Step Finished ------------------------------------[2ms]
2025/05/29, 10:55:11:9355 - ------------------------------------ [StepIdle] Step Start ------------------------------------
2025/05/29, 10:55:11:9859 - [Button] Button Stop
2025/05/29, 10:55:11:9859 - ==[DoStop]==
2025/05/29, 10:55:11:9859 - ------------------------------------ [StepIdle] Step Finished ------------------------------------[48ms]
2025/05/29, 10:55:11:9859 - ------------------------------------ [ActionDone] Step Start ------------------------------------
2025/05/29, 10:55:11:9859 - [CardDelta] Compare Set Enable, Channel:0, Enable:False
2025/05/29, 10:55:11:9879 - ------------------------------------ [ActionDone] Step Finished ------------------------------------[2ms]
2025/05/29, 10:55:11:9879 - ------------------------------------ [StepIdle] Step Start ------------------------------------
2025/05/29, 10:55:13:2178 - [MES]Run Online Flow!
2025/05/29, 10:55:13:2238 - [MES]Start Online
2025/05/29, 10:55:13:2258 - [MES]S1F13 DoSendEstablishCommunicationsRequest...
2025/05/29, 10:55:13:5364 - [MES]S1F14 Establish Communications Acknowledge -[Accepted]
2025/05/29, 10:55:13:5384 - [MES]S1F1 Are You There Report...
2025/05/29, 10:55:13:8370 - [MES]S1F2 Online Data Reply
2025/05/29, 10:55:13:8390 - [MES]S2F17 Date and Time Request...
2025/05/29, 10:55:14:0018 - [MES]S2F18 Date and Time Data -[2025052910551400]
2025/05/29, 10:55:14:0053 - [MES]S65F21 EQP Status Change Report -[ON-LINE]-[IDLE]...
2025/05/29, 10:55:14:3024 - [MES]S65F22 EQP Status Change Report Acknowledge
2025/05/29, 10:55:14:3043 - [MES]Online Complete
2025/05/29, 10:55:14:3063 - [MES]Action Done
2025/05/29, 10:55:17:3111 - ====[OFFLINE -> ONLINE]======
2025/05/29, 10:55:17:3111 - [Clear All Cassette] Clear All Cassette Complete
2025/05/29, 10:55:17:3111 - [Button] Button Start
2025/05/29, 10:55:17:3111 - ==[DoStart]==
2025/05/29, 10:55:17:3111 - ------------------------------------ [StepIdle] Step Finished ------------------------------------[5459ms]
2025/05/29, 10:55:17:3111 - ------------------------------------ [StepStart] Step Start ------------------------------------
2025/05/29, 10:55:17:3111 - [MES]S65F21 EQP Status Change Report -[ON-LINE]-[RUN]...
2025/05/29, 10:55:17:3111 - [CardDelta] Compare Set Pos, Pos:0
2025/05/29, 10:55:17:3131 - [============[Error Happend]============]
2025/05/29, 10:55:17:3131 - [==[Error Happend]==] Port =[NULL], Lot =[NULL], CassetteNo =[NULL], Index =[-1], WaferNo =[NULL]
2025/05/29, 10:55:17:3131 - [==[Error Happend]==][Center][流程異常][System.Exception: CS_ECAT_Compare_Set_Channel_Position, Error Code :4352
   於 Wafer_Inline_System.Card_Delta_ECDI.SetComparePos(Int32 Pos) 於 D:\Mick\Wafer_Inline_System1126\Wafer_Inline_System1122\Wafer_Inline_System\Class\Card\ClsCard_Delta_ECDI.cs: 行 595
   於 Wafer_Inline_System.MCenter.MainFlow() 於 D:\Mick\Wafer_Inline_System1126\Wafer_Inline_System1122\Wafer_Inline_System\MCenter.cs: 行 2616][System.Exception: CS_ECAT_Compare_Set_Channel_Position, Error Code :4352
   於 Wafer_Inline_System.Card_Delta_ECDI.SetComparePos(Int32 Pos) 於 D:\Mick\Wafer_Inline_System1126\Wafer_Inline_System1122\Wafer_Inline_System\Class\Card\ClsCard_Delta_ECDI.cs: 行 595
   於 Wafer_Inline_System.MCenter.MainFlow() 於 D:\Mick\Wafer_Inline_System1126\Wafer_Inline_System1122\Wafer_Inline_System\MCenter.cs: 行 2616]
2025/05/29, 10:55:17:3131 - [============[Error Happend]============]
2025/05/29, 10:55:17:3131 - [MES]S65F21 EQP Status Change Report -[ON-LINE]-[DOWN]...
2025/05/29, 10:55:17:4154 - ------------------------------------ [StepStart] Step Finished ------------------------------------[104ms]
2025/05/29, 10:55:17:4154 - ------------------------------------ [InspectFinished] Step Start ------------------------------------
2025/05/29, 10:55:17:4154 - [InspectFinished] InspectFinished!
2025/05/29, 10:55:17:4154 - [InspectFinished] Tact Time : 0 ms
2025/05/29, 10:55:17:4154 - ========================================[Inspect Finished]========================================
2025/05/29, 10:55:17:4154 - [InspectFinished] Current Result Is NULL.
2025/05/29, 10:55:17:4174 - ------------------------------------ [InspectFinished] Step Finished ------------------------------------[2ms]
2025/05/29, 10:55:17:4174 - ------------------------------------ [CheckNextAction] Step Start ------------------------------------
2025/05/29, 10:55:17:4174 - [CheckNextAction] Check Next Wafer Info
2025/05/29, 10:55:17:4174 - [CheckNextAction] No Next Wafer
2025/05/29, 10:55:17:4174 - [CheckNextAction] Get Wafer Info = null
2025/05/29, 10:55:17:4174 - ------------------------------------ [CheckNextAction] Step Finished ------------------------------------[0ms]
2025/05/29, 10:55:17:4174 - ------------------------------------ [CheckOnlineMode] Step Start ------------------------------------
2025/05/29, 10:55:17:4174 - [CheckOnlineMode] OnlineMode->[OnLine]
2025/05/29, 10:55:17:4174 - ------------------------------------ [CheckOnlineMode] Step Finished ------------------------------------[0ms]
2025/05/29, 10:55:17:4174 - ------------------------------------ [MES_WaitCassatteInfo] Step Start ------------------------------------
2025/05/29, 10:55:18:4195 - ==[DoStop]==
2025/05/29, 10:55:18:4195 - ------------------------------------ [MES_WaitCassatteInfo] Step Finished ------------------------------------[1001ms]
2025/05/29, 10:55:18:4195 - ------------------------------------ [ActionDone] Step Start ------------------------------------
2025/05/29, 10:55:18:4195 - [MES]S65F21 EQP Status Change Report -[ON-LINE]-[IDLE]...
2025/05/29, 10:55:18:4195 - [CardDelta] Compare Set Enable, Channel:0, Enable:False
2025/05/29, 10:55:18:4195 - ------------------------------------ [ActionDone] Step Finished ------------------------------------[0ms]
2025/05/29, 10:55:18:4195 - ------------------------------------ [StepIdle] Step Start ------------------------------------
2025/05/29, 11:30:45:5039 - [MES]Remove Cassette!>>>>> Port:[1]
2025/05/29, 11:30:45:5039 - [RemoveCassette] All Cassette Queue Qty :[0]
2025/05/29, 11:30:45:5039 - [RemoveCassette] WaitProcess Cassette Queue Qty :[0]
2025/05/29, 11:30:45:5039 - [RemoveCassette] Current Cassatte Status :[NULL]
2025/05/29, 11:30:45:5039 - [RemoveCassette] Current Wafer Index :[-1]
2025/05/29, 11:30:45:5039 - [RemoveCassette] ProcessComplete Cassette Queue Qty :[0]
2025/05/29, 12:06:02:4115 - [MES]Remove Cassette!>>>>> Port:[2]
2025/05/29, 12:06:02:4115 - [RemoveCassette] All Cassette Queue Qty :[0]
2025/05/29, 12:06:02:4115 - [RemoveCassette] WaitProcess Cassette Queue Qty :[0]
2025/05/29, 12:06:02:4115 - [RemoveCassette] Current Cassatte Status :[NULL]
2025/05/29, 12:06:02:4115 - [RemoveCassette] Current Wafer Index :[-1]
2025/05/29, 12:06:02:4115 - [RemoveCassette] ProcessComplete Cassette Queue Qty :[0]
2025/05/29, 12:12:08:6991 - [MES]Remove Cassette!>>>>> Port:[3]
2025/05/29, 12:12:08:6991 - [RemoveCassette] All Cassette Queue Qty :[0]
2025/05/29, 12:12:08:6991 - [RemoveCassette] WaitProcess Cassette Queue Qty :[0]
2025/05/29, 12:12:08:6991 - [RemoveCassette] Current Cassatte Status :[NULL]
2025/05/29, 12:12:08:6991 - [RemoveCassette] Current Wafer Index :[-1]
2025/05/29, 12:12:08:6991 - [RemoveCassette] ProcessComplete Cassette Queue Qty :[0]
2025/05/29, 12:12:09:9052 - [MES]>>>>> LoadCassette! CassetteNo:L09122, Lot:506-MM032H0Y-027, Port:3, Qty:25
2025/05/29, 12:12:09:9072 - [AddNewCassatte] All Cassette Queue Qty :[1]
2025/05/29, 12:12:09:9072 - [AddNewCassatte] WaitProcess Cassette Queue Qty :[0]
2025/05/29, 12:12:09:9072 - [AddNewCassatte] Current Cassatte Status :[L09122, Qty=[25], Port=[3]]
2025/05/29, 12:12:09:9072 - [AddNewCassatte] Current Wafer Index :[-1]
2025/05/29, 12:12:09:9072 - [AddNewCassatte] ProcessComplete Cassette Queue Qty :[0]
2025/05/29, 12:12:12:3188 - [MES]Remove Cassette!>>>>> Port:[4]
2025/05/29, 12:12:12:3188 - [RemoveCassette] All Cassette Queue Qty :[1]
2025/05/29, 12:12:12:3188 - [RemoveCassette] WaitProcess Cassette Queue Qty :[0]
2025/05/29, 12:12:12:3188 - [RemoveCassette] Current Cassatte Status :[L09122, Qty=[25], Port=[3]]
2025/05/29, 12:12:12:3188 - [RemoveCassette] Current Wafer Index :[-1]
2025/05/29, 12:12:12:3188 - [RemoveCassette] ProcessComplete Cassette Queue Qty :[0]
2025/05/29, 12:12:13:2234 - [MES]>>>>> LoadCassette! CassetteNo:L09302, Lot:506-MM032H0Y-027, Port:4, Qty:20
2025/05/29, 12:12:13:2234 - [AddNewCassatte] All Cassette Queue Qty :[2]
2025/05/29, 12:12:13:2234 - [AddNewCassatte] WaitProcess Cassette Queue Qty :[1]
2025/05/29, 12:12:13:2234 - [AddNewCassatte] Current Cassatte Status :[L09122, Qty=[25], Port=[3]]
2025/05/29, 12:12:13:2234 - [AddNewCassatte] Current Wafer Index :[-1]
2025/05/29, 12:12:13:2234 - [AddNewCassatte] ProcessComplete Cassette Queue Qty :[0]
2025/05/29, 13:16:32:5966 - [MES]Remove Cassette!>>>>> Port:[3]
2025/05/29, 13:16:32:5966 - [RemoveCassette] Remove Port:[3], Lot:[506-MM032H0Y-027], CstNo:[L09122]
2025/05/29, 13:16:32:5966 - [RemoveCassette] All Cassette Queue Qty :[1]
2025/05/29, 13:16:32:5966 - [RemoveCassette] WaitProcess Cassette Queue Qty :[1]
2025/05/29, 13:16:32:5966 - [RemoveCassette] Current Cassatte Status :[NULL]
2025/05/29, 13:16:32:5966 - [RemoveCassette] Current Wafer Index :[-1]
2025/05/29, 13:16:32:5966 - [RemoveCassette] ProcessComplete Cassette Queue Qty :[0]
2025/05/29, 13:54:43:6920 - [MES]Remove Cassette!>>>>> Port:[4]
2025/05/29, 13:54:43:6920 - [RemoveCassette] Remove Port:[4], Lot:[506-MM032H0Y-027], CstNo:[L09302]
2025/05/29, 13:54:43:6920 - [RemoveCassette] All Cassette Queue Qty :[0]
2025/05/29, 13:54:43:6920 - [RemoveCassette] WaitProcess Cassette Queue Qty :[0]
2025/05/29, 13:54:43:6920 - [RemoveCassette] Current Cassatte Status :[NULL]
2025/05/29, 13:54:43:6920 - [RemoveCassette] Current Wafer Index :[-1]
2025/05/29, 13:54:43:6920 - [RemoveCassette] ProcessComplete Cassette Queue Qty :[0]
2025/05/29, 13:54:50:9281 - [MES]Remove Cassette!>>>>> Port:[1]
2025/05/29, 13:54:50:9281 - [RemoveCassette] All Cassette Queue Qty :[0]
2025/05/29, 13:54:50:9281 - [RemoveCassette] WaitProcess Cassette Queue Qty :[0]
2025/05/29, 13:54:50:9281 - [RemoveCassette] Current Cassatte Status :[NULL]
2025/05/29, 13:54:50:9281 - [RemoveCassette] Current Wafer Index :[-1]
2025/05/29, 13:54:50:9281 - [RemoveCassette] ProcessComplete Cassette Queue Qty :[0]
2025/05/29, 13:54:52:1341 - [MES]>>>>> LoadCassette! CassetteNo:L01672, Lot:506-MM032H0Y-028, Port:1, Qty:25
2025/05/29, 13:54:52:1341 - [AddNewCassatte] All Cassette Queue Qty :[1]
2025/05/29, 13:54:52:1341 - [AddNewCassatte] WaitProcess Cassette Queue Qty :[0]
2025/05/29, 13:54:52:1341 - [AddNewCassatte] Current Cassatte Status :[L01672, Qty=[25], Port=[1]]
2025/05/29, 13:54:52:1341 - [AddNewCassatte] Current Wafer Index :[-1]
2025/05/29, 13:54:52:1341 - [AddNewCassatte] ProcessComplete Cassette Queue Qty :[0]
2025/05/29, 13:54:55:4503 - [MES]Remove Cassette!>>>>> Port:[2]
2025/05/29, 13:54:55:4503 - [RemoveCassette] All Cassette Queue Qty :[1]
2025/05/29, 13:54:55:4503 - [RemoveCassette] WaitProcess Cassette Queue Qty :[0]
2025/05/29, 13:54:55:4503 - [RemoveCassette] Current Cassatte Status :[L01672, Qty=[25], Port=[1]]
2025/05/29, 13:54:55:4503 - [RemoveCassette] Current Wafer Index :[-1]
2025/05/29, 13:54:55:4503 - [RemoveCassette] ProcessComplete Cassette Queue Qty :[0]
2025/05/29, 13:54:56:6563 - [MES]>>>>> LoadCassette! CassetteNo:L03272, Lot:506-MM032H0Y-028, Port:2, Qty:20
2025/05/29, 13:54:56:6563 - [AddNewCassatte] All Cassette Queue Qty :[2]
2025/05/29, 13:54:56:6563 - [AddNewCassatte] WaitProcess Cassette Queue Qty :[1]
2025/05/29, 13:54:56:6563 - [AddNewCassatte] Current Cassatte Status :[L01672, Qty=[25], Port=[1]]
2025/05/29, 13:54:56:6563 - [AddNewCassatte] Current Wafer Index :[-1]
2025/05/29, 13:54:56:6563 - [AddNewCassatte] ProcessComplete Cassette Queue Qty :[0]
2025/05/29, 14:56:01:5595 - [MES]Remove Cassette!>>>>> Port:[1]
2025/05/29, 14:56:01:5595 - [RemoveCassette] Remove Port:[1], Lot:[506-MM032H0Y-028], CstNo:[L01672]
2025/05/29, 14:56:01:5595 - [RemoveCassette] All Cassette Queue Qty :[1]
2025/05/29, 14:56:01:5595 - [RemoveCassette] WaitProcess Cassette Queue Qty :[1]
2025/05/29, 14:56:01:5595 - [RemoveCassette] Current Cassatte Status :[NULL]
2025/05/29, 14:56:01:5595 - [RemoveCassette] Current Wafer Index :[-1]
2025/05/29, 14:56:01:5595 - [RemoveCassette] ProcessComplete Cassette Queue Qty :[0]
2025/05/29, 15:32:30:5090 - [MES]Remove Cassette!>>>>> Port:[2]
2025/05/29, 15:32:30:5090 - [RemoveCassette] Remove Port:[2], Lot:[506-MM032H0Y-028], CstNo:[L03272]
2025/05/29, 15:32:30:5090 - [RemoveCassette] All Cassette Queue Qty :[0]
2025/05/29, 15:32:30:5090 - [RemoveCassette] WaitProcess Cassette Queue Qty :[0]
2025/05/29, 15:32:30:5090 - [RemoveCassette] Current Cassatte Status :[NULL]
2025/05/29, 15:32:30:5090 - [RemoveCassette] Current Wafer Index :[-1]
2025/05/29, 15:32:30:5090 - [RemoveCassette] ProcessComplete Cassette Queue Qty :[0]
2025/05/29, 15:33:25:3761 - [MES]Remove Cassette!>>>>> Port:[3]
2025/05/29, 15:33:25:3761 - [RemoveCassette] All Cassette Queue Qty :[0]
2025/05/29, 15:33:25:3761 - [RemoveCassette] WaitProcess Cassette Queue Qty :[0]
2025/05/29, 15:33:25:3761 - [RemoveCassette] Current Cassatte Status :[NULL]
2025/05/29, 15:33:25:3761 - [RemoveCassette] Current Wafer Index :[-1]
2025/05/29, 15:33:25:3761 - [RemoveCassette] ProcessComplete Cassette Queue Qty :[0]
2025/05/29, 15:33:26:5821 - [MES]>>>>> LoadCassette! CassetteNo:L05682, Lot:506-MM032H0Y-029, Port:3, Qty:25
2025/05/29, 15:33:26:5821 - [AddNewCassatte] All Cassette Queue Qty :[1]
2025/05/29, 15:33:26:5821 - [AddNewCassatte] WaitProcess Cassette Queue Qty :[0]
2025/05/29, 15:33:26:5821 - [AddNewCassatte] Current Cassatte Status :[L05682, Qty=[25], Port=[3]]
2025/05/29, 15:33:26:5821 - [AddNewCassatte] Current Wafer Index :[-1]
2025/05/29, 15:33:26:5821 - [AddNewCassatte] ProcessComplete Cassette Queue Qty :[0]
2025/05/29, 15:33:29:5972 - [MES]Remove Cassette!>>>>> Port:[4]
2025/05/29, 15:33:29:5972 - [RemoveCassette] All Cassette Queue Qty :[1]
2025/05/29, 15:33:29:5972 - [RemoveCassette] WaitProcess Cassette Queue Qty :[0]
2025/05/29, 15:33:29:5972 - [RemoveCassette] Current Cassatte Status :[L05682, Qty=[25], Port=[3]]
2025/05/29, 15:33:29:5972 - [RemoveCassette] Current Wafer Index :[-1]
2025/05/29, 15:33:29:5972 - [RemoveCassette] ProcessComplete Cassette Queue Qty :[0]
2025/05/29, 15:33:30:8032 - [MES]>>>>> LoadCassette! CassetteNo:L08172, Lot:506-MM032H0Y-029, Port:4, Qty:19
2025/05/29, 15:33:30:8032 - [AddNewCassatte] All Cassette Queue Qty :[2]
2025/05/29, 15:33:30:8032 - [AddNewCassatte] WaitProcess Cassette Queue Qty :[1]
2025/05/29, 15:33:30:8032 - [AddNewCassatte] Current Cassatte Status :[L05682, Qty=[25], Port=[3]]
2025/05/29, 15:33:30:8032 - [AddNewCassatte] Current Wafer Index :[-1]
2025/05/29, 15:33:30:8032 - [AddNewCassatte] ProcessComplete Cassette Queue Qty :[0]
2025/05/29, 16:34:47:5460 - [MES]Remove Cassette!>>>>> Port:[3]
2025/05/29, 16:34:47:5460 - [RemoveCassette] Remove Port:[3], Lot:[506-MM032H0Y-029], CstNo:[L05682]
2025/05/29, 16:34:47:5460 - [RemoveCassette] All Cassette Queue Qty :[1]
2025/05/29, 16:34:47:5460 - [RemoveCassette] WaitProcess Cassette Queue Qty :[1]
2025/05/29, 16:34:47:5460 - [RemoveCassette] Current Cassatte Status :[NULL]
2025/05/29, 16:34:47:5460 - [RemoveCassette] Current Wafer Index :[-1]
2025/05/29, 16:34:47:5460 - [RemoveCassette] ProcessComplete Cassette Queue Qty :[0]
2025/05/29, 17:09:03:2847 - [MES]Remove Cassette!>>>>> Port:[1]
2025/05/29, 17:09:03:2847 - [RemoveCassette] All Cassette Queue Qty :[1]
2025/05/29, 17:09:03:2847 - [RemoveCassette] WaitProcess Cassette Queue Qty :[1]
2025/05/29, 17:09:03:2847 - [RemoveCassette] Current Cassatte Status :[NULL]
2025/05/29, 17:09:03:2847 - [RemoveCassette] Current Wafer Index :[-1]
2025/05/29, 17:09:03:2847 - [RemoveCassette] ProcessComplete Cassette Queue Qty :[0]
2025/05/29, 17:09:04:4907 - [MES]>>>>> LoadCassette! CassetteNo:L02592, Lot:506-MM032H0Y-010, Port:1, Qty:25
2025/05/29, 17:09:04:4907 - [AddNewCassatte] All Cassette Queue Qty :[2]
2025/05/29, 17:09:04:4907 - [AddNewCassatte] WaitProcess Cassette Queue Qty :[1]
2025/05/29, 17:09:04:4907 - [AddNewCassatte] Current Cassatte Status :[L08172, Qty=[19], Port=[4]]
2025/05/29, 17:09:04:4907 - [AddNewCassatte] Current Wafer Index :[-1]
2025/05/29, 17:09:04:4907 - [AddNewCassatte] ProcessComplete Cassette Queue Qty :[0]
2025/05/29, 17:09:06:6013 - [MES]Remove Cassette!>>>>> Port:[2]
2025/05/29, 17:09:06:6013 - [RemoveCassette] All Cassette Queue Qty :[2]
2025/05/29, 17:09:06:6013 - [RemoveCassette] WaitProcess Cassette Queue Qty :[1]
2025/05/29, 17:09:06:6013 - [RemoveCassette] Current Cassatte Status :[L08172, Qty=[19], Port=[4]]
2025/05/29, 17:09:06:6013 - [RemoveCassette] Current Wafer Index :[-1]
2025/05/29, 17:09:06:6013 - [RemoveCassette] ProcessComplete Cassette Queue Qty :[0]
2025/05/29, 17:09:07:5058 - [MES]>>>>> LoadCassette! CassetteNo:L09182, Lot:506-MM032H0Y-010, Port:2, Qty:20
2025/05/29, 17:09:07:5058 - [AddNewCassatte] All Cassette Queue Qty :[3]
2025/05/29, 17:09:07:5058 - [AddNewCassatte] WaitProcess Cassette Queue Qty :[2]
2025/05/29, 17:09:07:5058 - [AddNewCassatte] Current Cassatte Status :[L08172, Qty=[19], Port=[4]]
2025/05/29, 17:09:07:5058 - [AddNewCassatte] Current Wafer Index :[-1]
2025/05/29, 17:09:07:5058 - [AddNewCassatte] ProcessComplete Cassette Queue Qty :[0]
2025/05/29, 17:09:13:5358 - [MES]Remove Cassette!>>>>> Port:[4]
2025/05/29, 17:09:13:5358 - [RemoveCassette] Remove Port:[4], Lot:[506-MM032H0Y-029], CstNo:[L08172]
2025/05/29, 17:09:13:5358 - [RemoveCassette] All Cassette Queue Qty :[2]
2025/05/29, 17:09:13:5358 - [RemoveCassette] WaitProcess Cassette Queue Qty :[2]
2025/05/29, 17:09:13:5358 - [RemoveCassette] Current Cassatte Status :[NULL]
2025/05/29, 17:09:13:5358 - [RemoveCassette] Current Wafer Index :[-1]
2025/05/29, 17:09:13:5358 - [RemoveCassette] ProcessComplete Cassette Queue Qty :[0]
2025/05/29, 18:26:18:4328 - [MES]Remove Cassette!>>>>> Port:[1]
2025/05/29, 18:26:18:4328 - [RemoveCassette] Remove Port:[1], Lot:[506-MM032H0Y-010], CstNo:[L02592]
2025/05/29, 18:26:18:4328 - [RemoveCassette] All Cassette Queue Qty :[1]
2025/05/29, 18:26:18:4328 - [RemoveCassette] WaitProcess Cassette Queue Qty :[1]
2025/05/29, 18:26:18:4328 - [RemoveCassette] Current Cassatte Status :[NULL]
2025/05/29, 18:26:18:4328 - [RemoveCassette] Current Wafer Index :[-1]
2025/05/29, 18:26:18:4328 - [RemoveCassette] ProcessComplete Cassette Queue Qty :[0]
2025/05/29, 18:46:57:7876 - [MES]Remove Cassette!>>>>> Port:[3]
2025/05/29, 18:46:57:7876 - [RemoveCassette] All Cassette Queue Qty :[1]
2025/05/29, 18:46:57:7876 - [RemoveCassette] WaitProcess Cassette Queue Qty :[1]
2025/05/29, 18:46:57:7876 - [RemoveCassette] Current Cassatte Status :[NULL]
2025/05/29, 18:46:57:7876 - [RemoveCassette] Current Wafer Index :[-1]
2025/05/29, 18:46:57:7876 - [RemoveCassette] ProcessComplete Cassette Queue Qty :[0]
2025/05/29, 18:46:58:9936 - [MES]>>>>> LoadCassette! CassetteNo:L03692, Lot:506-MM032H0Y-011, Port:3, Qty:25
2025/05/29, 18:46:58:9936 - [AddNewCassatte] All Cassette Queue Qty :[2]
2025/05/29, 18:46:58:9936 - [AddNewCassatte] WaitProcess Cassette Queue Qty :[1]
2025/05/29, 18:46:58:9936 - [AddNewCassatte] Current Cassatte Status :[L09182, Qty=[20], Port=[2]]
2025/05/29, 18:46:58:9936 - [AddNewCassatte] Current Wafer Index :[-1]
2025/05/29, 18:46:58:9936 - [AddNewCassatte] ProcessComplete Cassette Queue Qty :[0]
2025/05/29, 18:47:01:7072 - [MES]Remove Cassette!>>>>> Port:[4]
2025/05/29, 18:47:01:7072 - [RemoveCassette] All Cassette Queue Qty :[2]
2025/05/29, 18:47:01:7072 - [RemoveCassette] WaitProcess Cassette Queue Qty :[1]
2025/05/29, 18:47:01:7072 - [RemoveCassette] Current Cassatte Status :[L09182, Qty=[20], Port=[2]]
2025/05/29, 18:47:01:7072 - [RemoveCassette] Current Wafer Index :[-1]
2025/05/29, 18:47:01:7072 - [RemoveCassette] ProcessComplete Cassette Queue Qty :[0]
2025/05/29, 18:47:02:9133 - [MES]>>>>> LoadCassette! CassetteNo:L09672, Lot:506-MM032H0Y-011, Port:4, Qty:20
2025/05/29, 18:47:02:9133 - [AddNewCassatte] All Cassette Queue Qty :[3]
2025/05/29, 18:47:02:9133 - [AddNewCassatte] WaitProcess Cassette Queue Qty :[2]
2025/05/29, 18:47:02:9133 - [AddNewCassatte] Current Cassatte Status :[L09182, Qty=[20], Port=[2]]
2025/05/29, 18:47:02:9133 - [AddNewCassatte] Current Wafer Index :[-1]
2025/05/29, 18:47:02:9133 - [AddNewCassatte] ProcessComplete Cassette Queue Qty :[0]
2025/05/29, 18:55:00:1282 - [MES]Remove Cassette!>>>>> Port:[2]
2025/05/29, 18:55:00:1282 - [RemoveCassette] Remove Port:[2], Lot:[506-MM032H0Y-010], CstNo:[L09182]
2025/05/29, 18:55:00:1282 - [RemoveCassette] All Cassette Queue Qty :[2]
2025/05/29, 18:55:00:1282 - [RemoveCassette] WaitProcess Cassette Queue Qty :[2]
2025/05/29, 18:55:00:1282 - [RemoveCassette] Current Cassatte Status :[NULL]
2025/05/29, 18:55:00:1282 - [RemoveCassette] Current Wafer Index :[-1]
2025/05/29, 18:55:00:1282 - [RemoveCassette] ProcessComplete Cassette Queue Qty :[0]
2025/05/29, 19:52:31:3882 - [MES]Remove Cassette!>>>>> Port:[3]
2025/05/29, 19:52:31:3882 - [RemoveCassette] Remove Port:[3], Lot:[506-MM032H0Y-011], CstNo:[L03692]
2025/05/29, 19:52:31:3882 - [RemoveCassette] All Cassette Queue Qty :[1]
2025/05/29, 19:52:31:3882 - [RemoveCassette] WaitProcess Cassette Queue Qty :[1]
2025/05/29, 19:52:31:3882 - [RemoveCassette] Current Cassatte Status :[NULL]
2025/05/29, 19:52:31:3882 - [RemoveCassette] Current Wafer Index :[-1]
2025/05/29, 19:52:31:3882 - [RemoveCassette] ProcessComplete Cassette Queue Qty :[0]
2025/05/29, 20:25:39:3032 - [MES]Remove Cassette!>>>>> Port:[1]
2025/05/29, 20:25:39:3032 - [RemoveCassette] All Cassette Queue Qty :[1]
2025/05/29, 20:25:39:3032 - [RemoveCassette] WaitProcess Cassette Queue Qty :[1]
2025/05/29, 20:25:39:3032 - [RemoveCassette] Current Cassatte Status :[NULL]
2025/05/29, 20:25:39:3032 - [RemoveCassette] Current Wafer Index :[-1]
2025/05/29, 20:25:39:3032 - [RemoveCassette] ProcessComplete Cassette Queue Qty :[0]
2025/05/29, 20:25:40:5092 - [MES]>>>>> LoadCassette! CassetteNo:L05742, Lot:506-MM032H0Y-012, Port:1, Qty:25
2025/05/29, 20:25:40:5092 - [AddNewCassatte] All Cassette Queue Qty :[2]
2025/05/29, 20:25:40:5092 - [AddNewCassatte] WaitProcess Cassette Queue Qty :[1]
2025/05/29, 20:25:40:5092 - [AddNewCassatte] Current Cassatte Status :[L09672, Qty=[20], Port=[4]]
2025/05/29, 20:25:40:5092 - [AddNewCassatte] Current Wafer Index :[-1]
2025/05/29, 20:25:40:5092 - [AddNewCassatte] ProcessComplete Cassette Queue Qty :[0]
2025/05/29, 20:25:42:9175 - [MES]Remove Cassette!>>>>> Port:[2]
2025/05/29, 20:25:42:9175 - [RemoveCassette] All Cassette Queue Qty :[2]
2025/05/29, 20:25:42:9175 - [RemoveCassette] WaitProcess Cassette Queue Qty :[1]
2025/05/29, 20:25:42:9175 - [RemoveCassette] Current Cassatte Status :[L09672, Qty=[20], Port=[4]]
2025/05/29, 20:25:42:9175 - [RemoveCassette] Current Wafer Index :[-1]
2025/05/29, 20:25:42:9175 - [RemoveCassette] ProcessComplete Cassette Queue Qty :[0]
2025/05/29, 20:25:44:1235 - [MES]>>>>> LoadCassette! CassetteNo:L09702, Lot:506-MM032H0Y-012, Port:2, Qty:20
2025/05/29, 20:25:44:1235 - [AddNewCassatte] All Cassette Queue Qty :[3]
2025/05/29, 20:25:44:1235 - [AddNewCassatte] WaitProcess Cassette Queue Qty :[2]
2025/05/29, 20:25:44:1235 - [AddNewCassatte] Current Cassatte Status :[L09672, Qty=[20], Port=[4]]
2025/05/29, 20:25:44:1235 - [AddNewCassatte] Current Wafer Index :[-1]
2025/05/29, 20:25:44:1235 - [AddNewCassatte] ProcessComplete Cassette Queue Qty :[0]
2025/05/29, 20:36:30:4741 - [MES]Remove Cassette!>>>>> Port:[4]
2025/05/29, 20:36:30:4741 - [RemoveCassette] Remove Port:[4], Lot:[506-MM032H0Y-011], CstNo:[L09672]
2025/05/29, 20:36:30:4741 - [RemoveCassette] All Cassette Queue Qty :[2]
2025/05/29, 20:36:30:4741 - [RemoveCassette] WaitProcess Cassette Queue Qty :[2]
2025/05/29, 20:36:30:4741 - [RemoveCassette] Current Cassatte Status :[NULL]
2025/05/29, 20:36:30:4741 - [RemoveCassette] Current Wafer Index :[-1]
2025/05/29, 20:36:30:4741 - [RemoveCassette] ProcessComplete Cassette Queue Qty :[0]
2025/05/29, 21:28:17:6476 - [MES]Remove Cassette!>>>>> Port:[1]
2025/05/29, 21:28:17:6476 - [RemoveCassette] Remove Port:[1], Lot:[506-MM032H0Y-012], CstNo:[L05742]
2025/05/29, 21:28:17:6476 - [RemoveCassette] All Cassette Queue Qty :[1]
2025/05/29, 21:28:17:6476 - [RemoveCassette] WaitProcess Cassette Queue Qty :[1]
2025/05/29, 21:28:17:6476 - [RemoveCassette] Current Cassatte Status :[NULL]
2025/05/29, 21:28:17:6476 - [RemoveCassette] Current Wafer Index :[-1]
2025/05/29, 21:28:17:6476 - [RemoveCassette] ProcessComplete Cassette Queue Qty :[0]
2025/05/29, 22:03:19:1709 - [MES]Remove Cassette!>>>>> Port:[3]
2025/05/29, 22:03:19:1709 - [RemoveCassette] All Cassette Queue Qty :[1]
2025/05/29, 22:03:19:1709 - [RemoveCassette] WaitProcess Cassette Queue Qty :[1]
2025/05/29, 22:03:19:1709 - [RemoveCassette] Current Cassatte Status :[NULL]
2025/05/29, 22:03:19:1709 - [RemoveCassette] Current Wafer Index :[-1]
2025/05/29, 22:03:19:1709 - [RemoveCassette] ProcessComplete Cassette Queue Qty :[0]
2025/05/29, 22:03:20:3769 - [MES]>>>>> LoadCassette! CassetteNo:L06342, Lot:506-MM032H0Y-013, Port:3, Qty:25
2025/05/29, 22:03:20:3769 - [AddNewCassatte] All Cassette Queue Qty :[2]
2025/05/29, 22:03:20:3769 - [AddNewCassatte] WaitProcess Cassette Queue Qty :[1]
2025/05/29, 22:03:20:3769 - [AddNewCassatte] Current Cassatte Status :[L09702, Qty=[20], Port=[2]]
2025/05/29, 22:03:20:3769 - [AddNewCassatte] Current Wafer Index :[-1]
2025/05/29, 22:03:20:3769 - [AddNewCassatte] ProcessComplete Cassette Queue Qty :[0]
2025/05/29, 22:03:22:7889 - [MES]Remove Cassette!>>>>> Port:[4]
2025/05/29, 22:03:22:7889 - [RemoveCassette] All Cassette Queue Qty :[2]
2025/05/29, 22:03:22:7889 - [RemoveCassette] WaitProcess Cassette Queue Qty :[1]
2025/05/29, 22:03:22:7889 - [RemoveCassette] Current Cassatte Status :[L09702, Qty=[20], Port=[2]]
2025/05/29, 22:03:22:7889 - [RemoveCassette] Current Wafer Index :[-1]
2025/05/29, 22:03:22:7889 - [RemoveCassette] ProcessComplete Cassette Queue Qty :[0]
2025/05/29, 22:03:23:9949 - [MES]>>>>> LoadCassette! CassetteNo:L09392, Lot:506-MM032H0Y-013, Port:4, Qty:20
2025/05/29, 22:03:23:9949 - [AddNewCassatte] All Cassette Queue Qty :[3]
2025/05/29, 22:03:23:9949 - [AddNewCassatte] WaitProcess Cassette Queue Qty :[2]
2025/05/29, 22:03:23:9949 - [AddNewCassatte] Current Cassatte Status :[L09702, Qty=[20], Port=[2]]
2025/05/29, 22:03:23:9949 - [AddNewCassatte] Current Wafer Index :[-1]
2025/05/29, 22:03:23:9949 - [AddNewCassatte] ProcessComplete Cassette Queue Qty :[0]
2025/05/29, 22:03:31:8340 - [MES]Remove Cassette!>>>>> Port:[2]
2025/05/29, 22:03:31:8340 - [RemoveCassette] Remove Port:[2], Lot:[506-MM032H0Y-012], CstNo:[L09702]
2025/05/29, 22:03:31:8340 - [RemoveCassette] All Cassette Queue Qty :[2]
2025/05/29, 22:03:31:8340 - [RemoveCassette] WaitProcess Cassette Queue Qty :[2]
2025/05/29, 22:03:31:8340 - [RemoveCassette] Current Cassatte Status :[NULL]
2025/05/29, 22:03:31:8340 - [RemoveCassette] Current Wafer Index :[-1]
2025/05/29, 22:03:31:8340 - [RemoveCassette] ProcessComplete Cassette Queue Qty :[0]
2025/05/29, 23:01:12:9566 - [MES]Remove Cassette!>>>>> Port:[3]
2025/05/29, 23:01:12:9566 - [RemoveCassette] Remove Port:[3], Lot:[506-MM032H0Y-013], CstNo:[L06342]
2025/05/29, 23:01:12:9566 - [RemoveCassette] All Cassette Queue Qty :[1]
2025/05/29, 23:01:12:9566 - [RemoveCassette] WaitProcess Cassette Queue Qty :[1]
2025/05/29, 23:01:12:9566 - [RemoveCassette] Current Cassatte Status :[NULL]
2025/05/29, 23:01:12:9566 - [RemoveCassette] Current Wafer Index :[-1]
2025/05/29, 23:01:12:9566 - [RemoveCassette] ProcessComplete Cassette Queue Qty :[0]
2025/05/29, 23:42:12:2815 - [MES]Remove Cassette!>>>>> Port:[1]
2025/05/29, 23:42:12:2815 - [RemoveCassette] All Cassette Queue Qty :[1]
2025/05/29, 23:42:12:2815 - [RemoveCassette] WaitProcess Cassette Queue Qty :[1]
2025/05/29, 23:42:12:2815 - [RemoveCassette] Current Cassatte Status :[NULL]
2025/05/29, 23:42:12:2815 - [RemoveCassette] Current Wafer Index :[-1]
2025/05/29, 23:42:12:2815 - [RemoveCassette] ProcessComplete Cassette Queue Qty :[0]
2025/05/29, 23:42:13:4875 - [MES]>>>>> LoadCassette! CassetteNo:L03872, Lot:506-MM032H0Y-014, Port:1, Qty:25
2025/05/29, 23:42:13:4875 - [AddNewCassatte] All Cassette Queue Qty :[2]
2025/05/29, 23:42:13:4875 - [AddNewCassatte] WaitProcess Cassette Queue Qty :[1]
2025/05/29, 23:42:13:4875 - [AddNewCassatte] Current Cassatte Status :[L09392, Qty=[20], Port=[4]]
2025/05/29, 23:42:13:4875 - [AddNewCassatte] Current Wafer Index :[-1]
2025/05/29, 23:42:13:4875 - [AddNewCassatte] ProcessComplete Cassette Queue Qty :[0]
2025/05/29, 23:42:15:5981 - [MES]Remove Cassette!>>>>> Port:[2]
2025/05/29, 23:42:15:5981 - [RemoveCassette] All Cassette Queue Qty :[2]
2025/05/29, 23:42:15:5981 - [RemoveCassette] WaitProcess Cassette Queue Qty :[1]
2025/05/29, 23:42:15:5981 - [RemoveCassette] Current Cassatte Status :[L09392, Qty=[20], Port=[4]]
2025/05/29, 23:42:15:5981 - [RemoveCassette] Current Wafer Index :[-1]
2025/05/29, 23:42:15:5981 - [RemoveCassette] ProcessComplete Cassette Queue Qty :[0]
2025/05/29, 23:42:16:8041 - [MES]>>>>> LoadCassette! CassetteNo:L05702, Lot:506-MM032H0Y-014, Port:2, Qty:20
2025/05/29, 23:42:16:8041 - [AddNewCassatte] All Cassette Queue Qty :[3]
2025/05/29, 23:42:16:8041 - [AddNewCassatte] WaitProcess Cassette Queue Qty :[2]
2025/05/29, 23:42:16:8041 - [AddNewCassatte] Current Cassatte Status :[L09392, Qty=[20], Port=[4]]
2025/05/29, 23:42:16:8041 - [AddNewCassatte] Current Wafer Index :[-1]
2025/05/29, 23:42:16:8041 - [AddNewCassatte] ProcessComplete Cassette Queue Qty :[0]
2025/05/29, 23:43:44:2303 - [MES]Remove Cassette!>>>>> Port:[4]
2025/05/29, 23:43:44:2303 - [RemoveCassette] Remove Port:[4], Lot:[506-MM032H0Y-013], CstNo:[L09392]
2025/05/29, 23:43:44:2303 - [RemoveCassette] All Cassette Queue Qty :[2]
2025/05/29, 23:43:44:2303 - [RemoveCassette] WaitProcess Cassette Queue Qty :[2]
2025/05/29, 23:43:44:2303 - [RemoveCassette] Current Cassatte Status :[NULL]
2025/05/29, 23:43:44:2303 - [RemoveCassette] Current Wafer Index :[-1]
2025/05/29, 23:43:44:2303 - [RemoveCassette] ProcessComplete Cassette Queue Qty :[0]
Data write Date is not same as File Date. Close file and Open a new file.
===============   LOG END - 2025.05.30 00:44:36:4948 ===============
