2025-07-29 17:21:51,008 - mmseg - INFO - workflow: [('train', 1)], max: 40000 iters
2025-07-29 17:21:51,009 - mmseg - INFO - Checkpoints will be saved to /home/auo/dinov2_auo/checkpoint/250729_segTest1 by HardDiskBackend.
2025-07-29 17:23:51,684 - mmseg - INFO - Iter [50/40000]	lr: 3.359e-05, eta: 12:44:17, time: 1.148, data_time: 0.091, memory: 1975, decode.loss_ce: 0.3002, decode.acc_seg: 50.5373, loss: 0.3002
2025-07-29 17:24:40,432 - mmseg - INFO - Iter [100/40000]	lr: 6.677e-05, eta: 11:45:50, time: 0.975, data_time: 0.008, memory: 1975, decode.loss_ce: 0.2628, decode.acc_seg: 74.5427, loss: 0.2628
2025-07-29 17:25:37,338 - mmseg - INFO - Iter [150/40000]	lr: 9.986e-05, eta: 12:01:55, time: 1.138, data_time: 0.152, memory: 1975, decode.loss_ce: 0.1983, decode.acc_seg: 90.3255, loss: 0.1983
2025-07-29 17:26:25,862 - mmseg - INFO - Iter [200/40000]	lr: 1.329e-04, eta: 11:41:42, time: 0.970, data_time: 0.008, memory: 1975, decode.loss_ce: 0.1508, decode.acc_seg: 94.3725, loss: 0.1508
2025-07-29 17:27:22,515 - mmseg - INFO - Iter [250/40000]	lr: 1.658e-04, eta: 11:50:47, time: 1.133, data_time: 0.148, memory: 1975, decode.loss_ce: 0.1149, decode.acc_seg: 96.1191, loss: 0.1149
2025-07-29 17:28:11,176 - mmseg - INFO - Iter [300/40000]	lr: 1.986e-04, eta: 11:38:54, time: 0.973, data_time: 0.008, memory: 1975, decode.loss_ce: 0.0783, decode.acc_seg: 97.6003, loss: 0.0783
2025-07-29 17:28:59,689 - mmseg - INFO - Iter [350/40000]	lr: 2.314e-04, eta: 11:29:54, time: 0.970, data_time: 0.008, memory: 1975, decode.loss_ce: 0.0485, decode.acc_seg: 98.6214, loss: 0.0485
2025-07-29 17:29:56,892 - mmseg - INFO - Iter [400/40000]	lr: 2.641e-04, eta: 11:37:17, time: 1.144, data_time: 0.132, memory: 1975, decode.loss_ce: 0.0354, decode.acc_seg: 98.9647, loss: 0.0354
2025-07-29 17:30:45,355 - mmseg - INFO - Iter [450/40000]	lr: 2.967e-04, eta: 11:30:01, time: 0.969, data_time: 0.008, memory: 1975, decode.loss_ce: 0.0244, decode.acc_seg: 99.2159, loss: 0.0244
2025-07-29 17:31:42,898 - mmseg - INFO - Iter [500/40000]	lr: 3.292e-04, eta: 11:35:59, time: 1.151, data_time: 0.130, memory: 1975, decode.loss_ce: 0.0153, decode.acc_seg: 99.6066, loss: 0.0153
2025-07-29 17:32:31,408 - mmseg - INFO - Iter [550/40000]	lr: 3.616e-04, eta: 11:29:54, time: 0.970, data_time: 0.008, memory: 1975, decode.loss_ce: 0.0134, decode.acc_seg: 99.6461, loss: 0.0134
2025-07-29 17:33:19,905 - mmseg - INFO - Iter [600/40000]	lr: 3.939e-04, eta: 11:24:41, time: 0.970, data_time: 0.008, memory: 1975, decode.loss_ce: 0.0079, decode.acc_seg: 99.7746, loss: 0.0079
2025-07-29 17:34:16,621 - mmseg - INFO - Iter [650/40000]	lr: 4.262e-04, eta: 11:28:27, time: 1.134, data_time: 0.139, memory: 1975, decode.loss_ce: 0.0062, decode.acc_seg: 99.8296, loss: 0.0062
2025-07-29 17:35:05,133 - mmseg - INFO - Iter [700/40000]	lr: 4.584e-04, eta: 11:23:51, time: 0.970, data_time: 0.008, memory: 1975, decode.loss_ce: 0.0051, decode.acc_seg: 99.8227, loss: 0.0051
2025-07-29 17:36:02,220 - mmseg - INFO - Iter [750/40000]	lr: 4.905e-04, eta: 11:27:14, time: 1.142, data_time: 0.145, memory: 1975, decode.loss_ce: 0.0028, decode.acc_seg: 99.9273, loss: 0.0028
2025-07-29 17:36:50,753 - mmseg - INFO - Iter [800/40000]	lr: 5.225e-04, eta: 11:23:06, time: 0.971, data_time: 0.008, memory: 1975, decode.loss_ce: 0.0028, decode.acc_seg: 99.9412, loss: 0.0028
2025-07-29 17:37:47,424 - mmseg - INFO - Iter [850/40000]	lr: 5.544e-04, eta: 11:25:36, time: 1.133, data_time: 0.148, memory: 1975, decode.loss_ce: 0.0018, decode.acc_seg: 99.9608, loss: 0.0018
2025-07-29 17:38:35,975 - mmseg - INFO - Iter [900/40000]	lr: 5.863e-04, eta: 11:21:50, time: 0.971, data_time: 0.009, memory: 1975, decode.loss_ce: 0.0015, decode.acc_seg: 99.9572, loss: 0.0015
2025-07-29 17:39:24,433 - mmseg - INFO - Iter [950/40000]	lr: 6.180e-04, eta: 11:18:19, time: 0.969, data_time: 0.008, memory: 1975, decode.loss_ce: 0.0019, decode.acc_seg: 99.9432, loss: 0.0019
2025-07-29 17:40:21,744 - mmseg - INFO - Saving checkpoint at 1000 iterations
2025-07-29 17:40:25,551 - mmseg - INFO - Exp name: dinov2_vitb14_auo_linear_config.py
2025-07-29 17:40:25,554 - mmseg - INFO - Iter [1000/40000]	lr: 6.497e-04, eta: 11:23:18, time: 1.222, data_time: 0.159, memory: 1975, decode.loss_ce: 0.0011, decode.acc_seg: 99.9671, loss: 0.0011
